{"total": {"lines":{"total":533,"covered":480,"skipped":0,"pct":90.05},"statements":{"total":533,"covered":480,"skipped":0,"pct":90.05},"functions":{"total":43,"covered":36,"skipped":0,"pct":83.72},"branches":{"total":96,"covered":84,"skipped":0,"pct":87.5},"branchesTrue":{"total":0,"covered":0,"skipped":0,"pct":100}}
,"D:\\OpenServer\\domains\\musk\\7-final\\1\\musk-frontend-final-1\\src\\App.tsx": {"lines":{"total":21,"covered":0,"skipped":0,"pct":0},"functions":{"total":1,"covered":0,"skipped":0,"pct":0},"statements":{"total":21,"covered":0,"skipped":0,"pct":0},"branches":{"total":1,"covered":0,"skipped":0,"pct":0}}
,"D:\\OpenServer\\domains\\musk\\7-final\\1\\musk-frontend-final-1\\src\\vite-env.d.ts": {"lines":{"total":0,"covered":0,"skipped":0,"pct":100},"functions":{"total":1,"covered":1,"skipped":0,"pct":100},"statements":{"total":0,"covered":0,"skipped":0,"pct":100},"branches":{"total":1,"covered":1,"skipped":0,"pct":100}}
,"D:\\OpenServer\\domains\\musk\\7-final\\1\\musk-frontend-final-1\\src\\components\\Navbar.tsx": {"lines":{"total":119,"covered":109,"skipped":0,"pct":91.59},"functions":{"total":7,"covered":6,"skipped":0,"pct":85.71},"statements":{"total":119,"covered":109,"skipped":0,"pct":91.59},"branches":{"total":12,"covered":7,"skipped":0,"pct":58.33}}
,"D:\\OpenServer\\domains\\musk\\7-final\\1\\musk-frontend-final-1\\src\\components\\NewsCard.tsx": {"lines":{"total":52,"covered":52,"skipped":0,"pct":100},"functions":{"total":2,"covered":2,"skipped":0,"pct":100},"statements":{"total":52,"covered":52,"skipped":0,"pct":100},"branches":{"total":8,"covered":8,"skipped":0,"pct":100}}
,"D:\\OpenServer\\domains\\musk\\7-final\\1\\musk-frontend-final-1\\src\\components\\NewsCardSkeleton.tsx": {"lines":{"total":17,"covered":17,"skipped":0,"pct":100},"functions":{"total":1,"covered":1,"skipped":0,"pct":100},"statements":{"total":17,"covered":17,"skipped":0,"pct":100},"branches":{"total":1,"covered":1,"skipped":0,"pct":100}}
,"D:\\OpenServer\\domains\\musk\\7-final\\1\\musk-frontend-final-1\\src\\hooks\\useDarkMode.ts": {"lines":{"total":24,"covered":22,"skipped":0,"pct":91.66},"functions":{"total":2,"covered":2,"skipped":0,"pct":100},"statements":{"total":24,"covered":22,"skipped":0,"pct":91.66},"branches":{"total":9,"covered":8,"skipped":0,"pct":88.88}}
,"D:\\OpenServer\\domains\\musk\\7-final\\1\\musk-frontend-final-1\\src\\pages\\Category.tsx": {"lines":{"total":66,"covered":57,"skipped":0,"pct":86.36},"functions":{"total":8,"covered":6,"skipped":0,"pct":75},"statements":{"total":66,"covered":57,"skipped":0,"pct":86.36},"branches":{"total":14,"covered":13,"skipped":0,"pct":92.85}}
,"D:\\OpenServer\\domains\\musk\\7-final\\1\\musk-frontend-final-1\\src\\pages\\Favorites.tsx": {"lines":{"total":44,"covered":44,"skipped":0,"pct":100},"functions":{"total":3,"covered":3,"skipped":0,"pct":100},"statements":{"total":44,"covered":44,"skipped":0,"pct":100},"branches":{"total":9,"covered":9,"skipped":0,"pct":100}}
,"D:\\OpenServer\\domains\\musk\\7-final\\1\\musk-frontend-final-1\\src\\pages\\FilterPage.tsx": {"lines":{"total":125,"covered":114,"skipped":0,"pct":91.2},"functions":{"total":10,"covered":7,"skipped":0,"pct":70},"statements":{"total":125,"covered":114,"skipped":0,"pct":91.2},"branches":{"total":16,"covered":15,"skipped":0,"pct":93.75}}
,"D:\\OpenServer\\domains\\musk\\7-final\\1\\musk-frontend-final-1\\src\\services\\config.ts": {"lines":{"total":1,"covered":1,"skipped":0,"pct":100},"functions":{"total":1,"covered":1,"skipped":0,"pct":100},"statements":{"total":1,"covered":1,"skipped":0,"pct":100},"branches":{"total":1,"covered":1,"skipped":0,"pct":100}}
,"D:\\OpenServer\\domains\\musk\\7-final\\1\\musk-frontend-final-1\\src\\services\\newsApi.ts": {"lines":{"total":29,"covered":29,"skipped":0,"pct":100},"functions":{"total":1,"covered":1,"skipped":0,"pct":100},"statements":{"total":29,"covered":29,"skipped":0,"pct":100},"branches":{"total":8,"covered":7,"skipped":0,"pct":87.5}}
,"D:\\OpenServer\\domains\\musk\\7-final\\1\\musk-frontend-final-1\\src\\types\\news.ts": {"lines":{"total":0,"covered":0,"skipped":0,"pct":100},"functions":{"total":1,"covered":1,"skipped":0,"pct":100},"statements":{"total":0,"covered":0,"skipped":0,"pct":100},"branches":{"total":1,"covered":1,"skipped":0,"pct":100}}
,"D:\\OpenServer\\domains\\musk\\7-final\\1\\musk-frontend-final-1\\src\\utils\\helpers.ts": {"lines":{"total":3,"covered":3,"skipped":0,"pct":100},"functions":{"total":1,"covered":1,"skipped":0,"pct":100},"statements":{"total":3,"covered":3,"skipped":0,"pct":100},"branches":{"total":2,"covered":2,"skipped":0,"pct":100}}
,"D:\\OpenServer\\domains\\musk\\7-final\\1\\musk-frontend-final-1\\src\\utils\\localStorage.ts": {"lines":{"total":32,"covered":32,"skipped":0,"pct":100},"functions":{"total":4,"covered":4,"skipped":0,"pct":100},"statements":{"total":32,"covered":32,"skipped":0,"pct":100},"branches":{"total":13,"covered":11,"skipped":0,"pct":84.61}}
}
