{"total": {"lines":{"total":543,"covered":543,"skipped":0,"pct":100},"statements":{"total":543,"covered":543,"skipped":0,"pct":100},"functions":{"total":46,"covered":44,"skipped":0,"pct":95.65},"branches":{"total":119,"covered":115,"skipped":0,"pct":96.63},"branchesTrue":{"total":0,"covered":0,"skipped":0,"pct":100}}
,"D:\\OpenServer\\domains\\musk\\7-final\\1\\musk-frontend-final-1\\src\\App.tsx": {"lines":{"total":25,"covered":25,"skipped":0,"pct":100},"functions":{"total":1,"covered":1,"skipped":0,"pct":100},"statements":{"total":25,"covered":25,"skipped":0,"pct":100},"branches":{"total":4,"covered":4,"skipped":0,"pct":100}}
,"D:\\OpenServer\\domains\\musk\\7-final\\1\\musk-frontend-final-1\\src\\consts.ts": {"lines":{"total":2,"covered":2,"skipped":0,"pct":100},"functions":{"total":0,"covered":0,"skipped":0,"pct":100},"statements":{"total":2,"covered":2,"skipped":0,"pct":100},"branches":{"total":0,"covered":0,"skipped":0,"pct":100}}
,"D:\\OpenServer\\domains\\musk\\7-final\\1\\musk-frontend-final-1\\src\\vite-env.d.ts": {"lines":{"total":0,"covered":0,"skipped":0,"pct":100},"functions":{"total":1,"covered":1,"skipped":0,"pct":100},"statements":{"total":0,"covered":0,"skipped":0,"pct":100},"branches":{"total":1,"covered":1,"skipped":0,"pct":100}}
,"D:\\OpenServer\\domains\\musk\\7-final\\1\\musk-frontend-final-1\\src\\components\\Navbar.tsx": {"lines":{"total":121,"covered":121,"skipped":0,"pct":100},"functions":{"total":7,"covered":6,"skipped":0,"pct":85.71},"statements":{"total":121,"covered":121,"skipped":0,"pct":100},"branches":{"total":16,"covered":15,"skipped":0,"pct":93.75}}
,"D:\\OpenServer\\domains\\musk\\7-final\\1\\musk-frontend-final-1\\src\\components\\NewsCard.tsx": {"lines":{"total":52,"covered":52,"skipped":0,"pct":100},"functions":{"total":2,"covered":2,"skipped":0,"pct":100},"statements":{"total":52,"covered":52,"skipped":0,"pct":100},"branches":{"total":8,"covered":8,"skipped":0,"pct":100}}
,"D:\\OpenServer\\domains\\musk\\7-final\\1\\musk-frontend-final-1\\src\\components\\NewsCardSkeleton.tsx": {"lines":{"total":17,"covered":17,"skipped":0,"pct":100},"functions":{"total":1,"covered":1,"skipped":0,"pct":100},"statements":{"total":17,"covered":17,"skipped":0,"pct":100},"branches":{"total":1,"covered":1,"skipped":0,"pct":100}}
,"D:\\OpenServer\\domains\\musk\\7-final\\1\\musk-frontend-final-1\\src\\hooks\\useDarkMode.ts": {"lines":{"total":21,"covered":21,"skipped":0,"pct":100},"functions":{"total":2,"covered":2,"skipped":0,"pct":100},"statements":{"total":21,"covered":21,"skipped":0,"pct":100},"branches":{"total":9,"covered":9,"skipped":0,"pct":100}}
,"D:\\OpenServer\\domains\\musk\\7-final\\1\\musk-frontend-final-1\\src\\pages\\Category.tsx": {"lines":{"total":66,"covered":66,"skipped":0,"pct":100},"functions":{"total":8,"covered":8,"skipped":0,"pct":100},"statements":{"total":66,"covered":66,"skipped":0,"pct":100},"branches":{"total":18,"covered":18,"skipped":0,"pct":100}}
,"D:\\OpenServer\\domains\\musk\\7-final\\1\\musk-frontend-final-1\\src\\pages\\Favorites.tsx": {"lines":{"total":45,"covered":45,"skipped":0,"pct":100},"functions":{"total":3,"covered":3,"skipped":0,"pct":100},"statements":{"total":45,"covered":45,"skipped":0,"pct":100},"branches":{"total":9,"covered":9,"skipped":0,"pct":100}}
,"D:\\OpenServer\\domains\\musk\\7-final\\1\\musk-frontend-final-1\\src\\pages\\FilterPage.tsx": {"lines":{"total":129,"covered":129,"skipped":0,"pct":100},"functions":{"total":13,"covered":12,"skipped":0,"pct":92.3},"statements":{"total":129,"covered":129,"skipped":0,"pct":100},"branches":{"total":27,"covered":27,"skipped":0,"pct":100}}
,"D:\\OpenServer\\domains\\musk\\7-final\\1\\musk-frontend-final-1\\src\\services\\config.ts": {"lines":{"total":1,"covered":1,"skipped":0,"pct":100},"functions":{"total":1,"covered":1,"skipped":0,"pct":100},"statements":{"total":1,"covered":1,"skipped":0,"pct":100},"branches":{"total":1,"covered":1,"skipped":0,"pct":100}}
,"D:\\OpenServer\\domains\\musk\\7-final\\1\\musk-frontend-final-1\\src\\services\\newsApi.ts": {"lines":{"total":29,"covered":29,"skipped":0,"pct":100},"functions":{"total":1,"covered":1,"skipped":0,"pct":100},"statements":{"total":29,"covered":29,"skipped":0,"pct":100},"branches":{"total":9,"covered":8,"skipped":0,"pct":88.88}}
,"D:\\OpenServer\\domains\\musk\\7-final\\1\\musk-frontend-final-1\\src\\types\\news.ts": {"lines":{"total":0,"covered":0,"skipped":0,"pct":100},"functions":{"total":1,"covered":1,"skipped":0,"pct":100},"statements":{"total":0,"covered":0,"skipped":0,"pct":100},"branches":{"total":1,"covered":1,"skipped":0,"pct":100}}
,"D:\\OpenServer\\domains\\musk\\7-final\\1\\musk-frontend-final-1\\src\\utils\\helpers.ts": {"lines":{"total":3,"covered":3,"skipped":0,"pct":100},"functions":{"total":1,"covered":1,"skipped":0,"pct":100},"statements":{"total":3,"covered":3,"skipped":0,"pct":100},"branches":{"total":2,"covered":2,"skipped":0,"pct":100}}
,"D:\\OpenServer\\domains\\musk\\7-final\\1\\musk-frontend-final-1\\src\\utils\\localStorage.ts": {"lines":{"total":32,"covered":32,"skipped":0,"pct":100},"functions":{"total":4,"covered":4,"skipped":0,"pct":100},"statements":{"total":32,"covered":32,"skipped":0,"pct":100},"branches":{"total":13,"covered":11,"skipped":0,"pct":84.61}}
}
