{"D:\\OpenServer\\domains\\musk\\7-final\\1\\musk-frontend-final-1\\src\\App.tsx": {"path":"D:\\OpenServer\\domains\\musk\\7-final\\1\\musk-frontend-final-1\\src\\App.tsx","all":false,"statementMap":{"0":{"start":{"line":1,"column":0},"end":{"line":1,"column":39}},"1":{"start":{"line":2,"column":0},"end":{"line":2,"column":59}},"2":{"start":{"line":3,"column":0},"end":{"line":3,"column":41}},"4":{"start":{"line":5,"column":0},"end":{"line":5,"column":56}},"5":{"start":{"line":6,"column":0},"end":{"line":6,"column":58}},"6":{"start":{"line":7,"column":0},"end":{"line":7,"column":60}},"8":{"start":{"line":9,"column":0},"end":{"line":9,"column":16}},"9":{"start":{"line":10,"column":0},"end":{"line":10,"column":12}},"10":{"start":{"line":11,"column":0},"end":{"line":11,"column":104}},"11":{"start":{"line":12,"column":0},"end":{"line":12,"column":22}},"12":{"start":{"line":13,"column":0},"end":{"line":13,"column":21}},"13":{"start":{"line":14,"column":0},"end":{"line":14,"column":76}},"15":{"start":{"line":16,"column":0},"end":{"line":16,"column":24}},"16":{"start":{"line":17,"column":0},"end":{"line":17,"column":26}},"17":{"start":{"line":18,"column":0},"end":{"line":18,"column":32}},"18":{"start":{"line":19,"column":0},"end":{"line":19,"column":77}},"19":{"start":{"line":20,"column":0},"end":{"line":20,"column":22}},"20":{"start":{"line":21,"column":0},"end":{"line":21,"column":79}},"21":{"start":{"line":22,"column":0},"end":{"line":22,"column":71}},"22":{"start":{"line":23,"column":0},"end":{"line":23,"column":70}},"23":{"start":{"line":24,"column":0},"end":{"line":24,"column":25}},"24":{"start":{"line":25,"column":0},"end":{"line":25,"column":23}},"25":{"start":{"line":26,"column":0},"end":{"line":26,"column":14}},"27":{"start":{"line":28,"column":0},"end":{"line":28,"column":1}},"29":{"start":{"line":30,"column":0},"end":{"line":30,"column":19}}},"s":{"0":1,"1":1,"2":1,"4":1,"5":1,"6":1,"8":5,"9":5,"10":5,"11":5,"12":5,"13":5,"15":5,"16":5,"17":5,"18":5,"19":5,"20":5,"21":5,"22":5,"23":5,"24":5,"25":5,"27":5,"29":1},"branchMap":{"0":{"type":"branch","line":5,"loc":{"start":{"line":5,"column":22},"end":{"line":5,"column":56}},"locations":[{"start":{"line":5,"column":22},"end":{"line":5,"column":56}}]},"1":{"type":"branch","line":6,"loc":{"start":{"line":6,"column":23},"end":{"line":6,"column":58}},"locations":[{"start":{"line":6,"column":23},"end":{"line":6,"column":58}}]},"2":{"type":"branch","line":7,"loc":{"start":{"line":7,"column":24},"end":{"line":7,"column":60}},"locations":[{"start":{"line":7,"column":24},"end":{"line":7,"column":60}}]},"3":{"type":"branch","line":9,"loc":{"start":{"line":9,"column":0},"end":{"line":28,"column":1}},"locations":[{"start":{"line":9,"column":0},"end":{"line":28,"column":1}}]}},"b":{"0":[1],"1":[1],"2":[1],"3":[5]},"fnMap":{"0":{"name":"App","decl":{"start":{"line":9,"column":0},"end":{"line":28,"column":1}},"loc":{"start":{"line":9,"column":0},"end":{"line":28,"column":1}},"line":9}},"f":{"0":5}}
,"D:\\OpenServer\\domains\\musk\\7-final\\1\\musk-frontend-final-1\\src\\consts.ts": {"path":"D:\\OpenServer\\domains\\musk\\7-final\\1\\musk-frontend-final-1\\src\\consts.ts","all":false,"statementMap":{"0":{"start":{"line":1,"column":0},"end":{"line":1,"column":33}},"1":{"start":{"line":2,"column":0},"end":{"line":2,"column":65}}},"s":{"0":1,"1":1},"branchMap":{},"b":{},"fnMap":{},"f":{}}
,"D:\\OpenServer\\domains\\musk\\7-final\\1\\musk-frontend-final-1\\src\\vite-env.d.ts": {"path":"D:\\OpenServer\\domains\\musk\\7-final\\1\\musk-frontend-final-1\\src\\vite-env.d.ts","all":true,"statementMap":{},"s":{},"branchMap":{"0":{"type":"branch","line":1,"loc":{"start":{"line":1,"column":37},"end":{"line":1,"column":37}},"locations":[{"start":{"line":1,"column":37},"end":{"line":1,"column":37}}]}},"b":{"0":[1]},"fnMap":{"0":{"name":"(empty-report)","decl":{"start":{"line":1,"column":37},"end":{"line":1,"column":37}},"loc":{"start":{"line":1,"column":37},"end":{"line":1,"column":37}},"line":1}},"f":{"0":1}}
,"D:\\OpenServer\\domains\\musk\\7-final\\1\\musk-frontend-final-1\\src\\components\\Navbar.tsx": {"path":"D:\\OpenServer\\domains\\musk\\7-final\\1\\musk-frontend-final-1\\src\\components\\Navbar.tsx","all":false,"statementMap":{"0":{"start":{"line":1,"column":0},"end":{"line":1,"column":33}},"1":{"start":{"line":2,"column":0},"end":{"line":2,"column":49}},"2":{"start":{"line":3,"column":0},"end":{"line":3,"column":49}},"3":{"start":{"line":4,"column":0},"end":{"line":4,"column":45}},"4":{"start":{"line":5,"column":0},"end":{"line":5,"column":45}},"5":{"start":{"line":6,"column":0},"end":{"line":6,"column":39}},"6":{"start":{"line":7,"column":0},"end":{"line":7,"column":41}},"7":{"start":{"line":8,"column":0},"end":{"line":8,"column":51}},"9":{"start":{"line":10,"column":0},"end":{"line":10,"column":20}},"10":{"start":{"line":11,"column":0},"end":{"line":11,"column":14}},"11":{"start":{"line":12,"column":0},"end":{"line":12,"column":13}},"12":{"start":{"line":13,"column":0},"end":{"line":13,"column":17}},"13":{"start":{"line":14,"column":0},"end":{"line":14,"column":15}},"14":{"start":{"line":15,"column":0},"end":{"line":15,"column":13}},"15":{"start":{"line":16,"column":0},"end":{"line":16,"column":20}},"16":{"start":{"line":17,"column":0},"end":{"line":17,"column":2}},"18":{"start":{"line":19,"column":0},"end":{"line":19,"column":22}},"19":{"start":{"line":20,"column":0},"end":{"line":20,"column":53}},"20":{"start":{"line":21,"column":0},"end":{"line":21,"column":46}},"22":{"start":{"line":23,"column":0},"end":{"line":23,"column":12}},"23":{"start":{"line":24,"column":0},"end":{"line":24,"column":111}},"24":{"start":{"line":25,"column":0},"end":{"line":25,"column":62}},"25":{"start":{"line":26,"column":0},"end":{"line":26,"column":31}},"26":{"start":{"line":27,"column":0},"end":{"line":27,"column":102}},"27":{"start":{"line":28,"column":0},"end":{"line":28,"column":110}},"29":{"start":{"line":30,"column":0},"end":{"line":30,"column":30}},"30":{"start":{"line":31,"column":0},"end":{"line":31,"column":110}},"32":{"start":{"line":33,"column":0},"end":{"line":33,"column":30}},"33":{"start":{"line":34,"column":0},"end":{"line":34,"column":26}},"34":{"start":{"line":35,"column":0},"end":{"line":35,"column":23}},"35":{"start":{"line":36,"column":0},"end":{"line":36,"column":42}},"36":{"start":{"line":37,"column":0},"end":{"line":37,"column":27}},"37":{"start":{"line":38,"column":0},"end":{"line":38,"column":58}},"38":{"start":{"line":39,"column":0},"end":{"line":39,"column":121}},"39":{"start":{"line":40,"column":0},"end":{"line":40,"column":44}},"41":{"start":{"line":42,"column":0},"end":{"line":42,"column":35}},"42":{"start":{"line":43,"column":0},"end":{"line":43,"column":32}},"43":{"start":{"line":44,"column":0},"end":{"line":44,"column":44}},"44":{"start":{"line":45,"column":0},"end":{"line":45,"column":40}},"45":{"start":{"line":46,"column":0},"end":{"line":46,"column":42}},"46":{"start":{"line":47,"column":0},"end":{"line":47,"column":43}},"47":{"start":{"line":48,"column":0},"end":{"line":48,"column":44}},"48":{"start":{"line":49,"column":0},"end":{"line":49,"column":53}},"49":{"start":{"line":50,"column":0},"end":{"line":50,"column":30}},"51":{"start":{"line":52,"column":0},"end":{"line":52,"column":32}},"52":{"start":{"line":53,"column":0},"end":{"line":53,"column":45}},"53":{"start":{"line":54,"column":0},"end":{"line":54,"column":40}},"54":{"start":{"line":55,"column":0},"end":{"line":55,"column":42}},"55":{"start":{"line":56,"column":0},"end":{"line":56,"column":43}},"56":{"start":{"line":57,"column":0},"end":{"line":57,"column":44}},"57":{"start":{"line":58,"column":0},"end":{"line":58,"column":54}},"58":{"start":{"line":59,"column":0},"end":{"line":59,"column":30}},"60":{"start":{"line":61,"column":0},"end":{"line":61,"column":29}},"61":{"start":{"line":62,"column":0},"end":{"line":62,"column":22}},"62":{"start":{"line":63,"column":0},"end":{"line":63,"column":18}},"63":{"start":{"line":64,"column":0},"end":{"line":64,"column":73}},"64":{"start":{"line":65,"column":0},"end":{"line":65,"column":230}},"65":{"start":{"line":66,"column":0},"end":{"line":66,"column":46}},"66":{"start":{"line":67,"column":0},"end":{"line":67,"column":32}},"67":{"start":{"line":68,"column":0},"end":{"line":68,"column":37}},"68":{"start":{"line":69,"column":0},"end":{"line":69,"column":51}},"69":{"start":{"line":70,"column":0},"end":{"line":70,"column":56}},"70":{"start":{"line":71,"column":0},"end":{"line":71,"column":40}},"71":{"start":{"line":72,"column":0},"end":{"line":72,"column":83}},"72":{"start":{"line":73,"column":0},"end":{"line":73,"column":72}},"74":{"start":{"line":75,"column":0},"end":{"line":75,"column":58}},"76":{"start":{"line":77,"column":0},"end":{"line":77,"column":72}},"77":{"start":{"line":78,"column":0},"end":{"line":78,"column":34}},"78":{"start":{"line":79,"column":0},"end":{"line":79,"column":23}},"79":{"start":{"line":80,"column":0},"end":{"line":80,"column":22}},"80":{"start":{"line":81,"column":0},"end":{"line":81,"column":18}},"82":{"start":{"line":83,"column":0},"end":{"line":83,"column":80}},"83":{"start":{"line":84,"column":0},"end":{"line":84,"column":24}},"84":{"start":{"line":85,"column":0},"end":{"line":85,"column":33}},"85":{"start":{"line":86,"column":0},"end":{"line":86,"column":48}},"86":{"start":{"line":87,"column":0},"end":{"line":87,"column":32}},"87":{"start":{"line":88,"column":0},"end":{"line":88,"column":75}},"88":{"start":{"line":89,"column":0},"end":{"line":89,"column":64}},"91":{"start":{"line":92,"column":0},"end":{"line":92,"column":61}},"92":{"start":{"line":93,"column":0},"end":{"line":93,"column":28}},"93":{"start":{"line":94,"column":0},"end":{"line":94,"column":43}},"94":{"start":{"line":95,"column":0},"end":{"line":95,"column":36}},"95":{"start":{"line":96,"column":0},"end":{"line":96,"column":38}},"96":{"start":{"line":97,"column":0},"end":{"line":97,"column":39}},"97":{"start":{"line":98,"column":0},"end":{"line":98,"column":40}},"98":{"start":{"line":99,"column":0},"end":{"line":99,"column":26}},"99":{"start":{"line":100,"column":0},"end":{"line":100,"column":72}},"100":{"start":{"line":101,"column":0},"end":{"line":101,"column":26}},"101":{"start":{"line":102,"column":0},"end":{"line":102,"column":26}},"102":{"start":{"line":103,"column":0},"end":{"line":103,"column":24}},"103":{"start":{"line":104,"column":0},"end":{"line":104,"column":35}},"104":{"start":{"line":105,"column":0},"end":{"line":105,"column":48}},"105":{"start":{"line":106,"column":0},"end":{"line":106,"column":32}},"106":{"start":{"line":107,"column":0},"end":{"line":107,"column":75}},"107":{"start":{"line":108,"column":0},"end":{"line":108,"column":64}},"110":{"start":{"line":111,"column":0},"end":{"line":111,"column":61}},"111":{"start":{"line":112,"column":0},"end":{"line":112,"column":28}},"112":{"start":{"line":113,"column":0},"end":{"line":113,"column":45}},"113":{"start":{"line":114,"column":0},"end":{"line":114,"column":36}},"114":{"start":{"line":115,"column":0},"end":{"line":115,"column":38}},"115":{"start":{"line":116,"column":0},"end":{"line":116,"column":39}},"116":{"start":{"line":117,"column":0},"end":{"line":117,"column":40}},"117":{"start":{"line":118,"column":0},"end":{"line":118,"column":26}},"118":{"start":{"line":119,"column":0},"end":{"line":119,"column":75}},"119":{"start":{"line":120,"column":0},"end":{"line":120,"column":26}},"120":{"start":{"line":121,"column":0},"end":{"line":121,"column":26}},"121":{"start":{"line":122,"column":0},"end":{"line":122,"column":18}},"122":{"start":{"line":123,"column":0},"end":{"line":123,"column":57}},"123":{"start":{"line":124,"column":0},"end":{"line":124,"column":78}},"124":{"start":{"line":125,"column":0},"end":{"line":125,"column":24}},"125":{"start":{"line":126,"column":0},"end":{"line":126,"column":39}},"126":{"start":{"line":127,"column":0},"end":{"line":127,"column":32}},"127":{"start":{"line":128,"column":0},"end":{"line":128,"column":34}},"128":{"start":{"line":129,"column":0},"end":{"line":129,"column":35}},"129":{"start":{"line":130,"column":0},"end":{"line":130,"column":36}},"130":{"start":{"line":131,"column":0},"end":{"line":131,"column":22}},"131":{"start":{"line":132,"column":0},"end":{"line":132,"column":25}},"132":{"start":{"line":133,"column":0},"end":{"line":133,"column":18}},"133":{"start":{"line":134,"column":0},"end":{"line":134,"column":14}},"135":{"start":{"line":136,"column":0},"end":{"line":136,"column":2}},"137":{"start":{"line":138,"column":0},"end":{"line":138,"column":22}}},"s":{"0":1,"1":1,"2":1,"3":1,"4":1,"5":1,"6":1,"7":1,"9":1,"10":1,"11":1,"12":1,"13":1,"14":1,"15":1,"16":1,"18":1,"19":10,"20":10,"22":10,"23":10,"24":10,"25":10,"26":10,"27":10,"29":10,"30":10,"32":10,"33":10,"34":10,"35":10,"36":10,"37":10,"38":10,"39":10,"41":10,"42":1,"43":1,"44":1,"45":1,"46":1,"47":1,"48":1,"49":1,"51":9,"52":9,"53":9,"54":9,"55":9,"56":9,"57":9,"58":9,"60":10,"61":10,"62":10,"63":10,"64":10,"65":10,"66":60,"67":60,"68":60,"69":60,"70":72,"71":3,"72":69,"74":60,"76":60,"77":60,"78":10,"79":10,"80":10,"82":10,"83":10,"84":10,"85":10,"86":12,"87":1,"88":11,"91":10,"92":10,"93":10,"94":10,"95":10,"96":10,"97":10,"98":10,"99":10,"100":10,"101":10,"102":10,"103":10,"104":10,"105":12,"106":1,"107":11,"110":10,"111":10,"112":10,"113":10,"114":10,"115":10,"116":10,"117":10,"118":10,"119":10,"120":10,"121":10,"122":10,"123":10,"124":10,"125":10,"126":10,"127":10,"128":10,"129":10,"130":10,"131":10,"132":10,"133":10,"135":10,"137":1},"branchMap":{"0":{"type":"branch","line":19,"loc":{"start":{"line":19,"column":15},"end":{"line":136,"column":2}},"locations":[{"start":{"line":19,"column":15},"end":{"line":136,"column":2}}]},"1":{"type":"branch","line":42,"loc":{"start":{"line":42,"column":25},"end":{"line":50,"column":30}},"locations":[{"start":{"line":42,"column":25},"end":{"line":50,"column":30}}]},"2":{"type":"branch","line":50,"loc":{"start":{"line":50,"column":28},"end":{"line":59,"column":30}},"locations":[{"start":{"line":50,"column":28},"end":{"line":59,"column":30}}]},"3":{"type":"branch","line":64,"loc":{"start":{"line":64,"column":28},"end":{"line":64,"column":54}},"locations":[{"start":{"line":64,"column":28},"end":{"line":64,"column":54}}]},"4":{"type":"branch","line":38,"loc":{"start":{"line":38,"column":33},"end":{"line":38,"column":58}},"locations":[{"start":{"line":38,"column":33},"end":{"line":38,"column":58}}]},"5":{"type":"branch","line":66,"loc":{"start":{"line":66,"column":36},"end":{"line":78,"column":34}},"locations":[{"start":{"line":66,"column":36},"end":{"line":78,"column":34}}]},"6":{"type":"branch","line":70,"loc":{"start":{"line":70,"column":39},"end":{"line":73,"column":72}},"locations":[{"start":{"line":70,"column":39},"end":{"line":73,"column":72}}]},"7":{"type":"branch","line":71,"loc":{"start":{"line":71,"column":32},"end":{"line":72,"column":83}},"locations":[{"start":{"line":71,"column":32},"end":{"line":72,"column":83}}]},"8":{"type":"branch","line":72,"loc":{"start":{"line":72,"column":38},"end":{"line":73,"column":72}},"locations":[{"start":{"line":72,"column":38},"end":{"line":73,"column":72}}]},"9":{"type":"branch","line":75,"loc":{"start":{"line":75,"column":37},"end":{"line":75,"column":58}},"locations":[{"start":{"line":75,"column":37},"end":{"line":75,"column":58}}]},"10":{"type":"branch","line":86,"loc":{"start":{"line":86,"column":31},"end":{"line":89,"column":64}},"locations":[{"start":{"line":86,"column":31},"end":{"line":89,"column":64}}]},"11":{"type":"branch","line":87,"loc":{"start":{"line":87,"column":24},"end":{"line":88,"column":75}},"locations":[{"start":{"line":87,"column":24},"end":{"line":88,"column":75}}]},"12":{"type":"branch","line":88,"loc":{"start":{"line":88,"column":30},"end":{"line":89,"column":64}},"locations":[{"start":{"line":88,"column":30},"end":{"line":89,"column":64}}]},"13":{"type":"branch","line":105,"loc":{"start":{"line":105,"column":31},"end":{"line":108,"column":64}},"locations":[{"start":{"line":105,"column":31},"end":{"line":108,"column":64}}]},"14":{"type":"branch","line":106,"loc":{"start":{"line":106,"column":24},"end":{"line":107,"column":75}},"locations":[{"start":{"line":106,"column":24},"end":{"line":107,"column":75}}]},"15":{"type":"branch","line":107,"loc":{"start":{"line":107,"column":30},"end":{"line":108,"column":64}},"locations":[{"start":{"line":107,"column":30},"end":{"line":108,"column":64}}]}},"b":{"0":[10],"1":[1],"2":[9],"3":[0],"4":[1],"5":[60],"6":[72],"7":[3],"8":[69],"9":[1],"10":[12],"11":[1],"12":[11],"13":[12],"14":[1],"15":[11]},"fnMap":{"0":{"name":"Navbar","decl":{"start":{"line":19,"column":15},"end":{"line":136,"column":2}},"loc":{"start":{"line":19,"column":15},"end":{"line":136,"column":2}},"line":19},"1":{"name":"onClick","decl":{"start":{"line":38,"column":33},"end":{"line":38,"column":58}},"loc":{"start":{"line":38,"column":33},"end":{"line":38,"column":58}},"line":38},"2":{"name":"className","decl":{"start":{"line":70,"column":39},"end":{"line":73,"column":72}},"loc":{"start":{"line":70,"column":39},"end":{"line":73,"column":72}},"line":70},"3":{"name":"onClick","decl":{"start":{"line":75,"column":37},"end":{"line":75,"column":58}},"loc":{"start":{"line":75,"column":37},"end":{"line":75,"column":58}},"line":75},"4":{"name":"className","decl":{"start":{"line":86,"column":31},"end":{"line":89,"column":64}},"loc":{"start":{"line":86,"column":31},"end":{"line":89,"column":64}},"line":86},"5":{"name":"className","decl":{"start":{"line":105,"column":31},"end":{"line":108,"column":64}},"loc":{"start":{"line":105,"column":31},"end":{"line":108,"column":64}},"line":105},"6":{"name":"onClick","decl":{"start":{"line":124,"column":46},"end":{"line":124,"column":78}},"loc":{"start":{"line":124,"column":46},"end":{"line":124,"column":78}},"line":124}},"f":{"0":10,"1":1,"2":72,"3":1,"4":12,"5":12,"6":0}}
,"D:\\OpenServer\\domains\\musk\\7-final\\1\\musk-frontend-final-1\\src\\components\\NewsCard.tsx": {"path":"D:\\OpenServer\\domains\\musk\\7-final\\1\\musk-frontend-final-1\\src\\components\\NewsCard.tsx","all":false,"statementMap":{"1":{"start":{"line":2,"column":0},"end":{"line":2,"column":49}},"9":{"start":{"line":10,"column":0},"end":{"line":10,"column":80}},"10":{"start":{"line":11,"column":0},"end":{"line":11,"column":27}},"11":{"start":{"line":12,"column":0},"end":{"line":12,"column":24}},"12":{"start":{"line":13,"column":0},"end":{"line":13,"column":6}},"14":{"start":{"line":15,"column":0},"end":{"line":15,"column":12}},"15":{"start":{"line":16,"column":0},"end":{"line":16,"column":110}},"16":{"start":{"line":17,"column":0},"end":{"line":17,"column":36}},"17":{"start":{"line":18,"column":0},"end":{"line":18,"column":20}},"18":{"start":{"line":19,"column":0},"end":{"line":19,"column":44}},"19":{"start":{"line":20,"column":0},"end":{"line":20,"column":39}},"20":{"start":{"line":21,"column":0},"end":{"line":21,"column":47}},"21":{"start":{"line":22,"column":0},"end":{"line":22,"column":37}},"22":{"start":{"line":23,"column":0},"end":{"line":23,"column":18}},"24":{"start":{"line":25,"column":0},"end":{"line":25,"column":70}},"25":{"start":{"line":26,"column":0},"end":{"line":26,"column":68}},"26":{"start":{"line":27,"column":0},"end":{"line":27,"column":68}},"27":{"start":{"line":28,"column":0},"end":{"line":28,"column":16}},"28":{"start":{"line":29,"column":0},"end":{"line":29,"column":65}},"29":{"start":{"line":30,"column":0},"end":{"line":30,"column":16}},"30":{"start":{"line":31,"column":0},"end":{"line":31,"column":66}},"31":{"start":{"line":32,"column":0},"end":{"line":32,"column":45}},"33":{"start":{"line":34,"column":0},"end":{"line":34,"column":18}},"34":{"start":{"line":35,"column":0},"end":{"line":35,"column":38}},"35":{"start":{"line":36,"column":0},"end":{"line":36,"column":35}},"36":{"start":{"line":37,"column":0},"end":{"line":37,"column":64}},"37":{"start":{"line":38,"column":0},"end":{"line":38,"column":17}},"39":{"start":{"line":40,"column":0},"end":{"line":40,"column":20}},"41":{"start":{"line":42,"column":0},"end":{"line":42,"column":23}},"42":{"start":{"line":43,"column":0},"end":{"line":43,"column":37}},"43":{"start":{"line":44,"column":0},"end":{"line":44,"column":49}},"44":{"start":{"line":45,"column":0},"end":{"line":45,"column":34}},"45":{"start":{"line":46,"column":0},"end":{"line":46,"column":62}},"46":{"start":{"line":47,"column":0},"end":{"line":47,"column":64}},"47":{"start":{"line":48,"column":0},"end":{"line":48,"column":24}},"49":{"start":{"line":50,"column":0},"end":{"line":50,"column":79}},"50":{"start":{"line":51,"column":0},"end":{"line":51,"column":25}},"51":{"start":{"line":52,"column":0},"end":{"line":52,"column":18}},"52":{"start":{"line":53,"column":0},"end":{"line":53,"column":53}},"53":{"start":{"line":54,"column":0},"end":{"line":54,"column":32}},"54":{"start":{"line":55,"column":0},"end":{"line":55,"column":24}},"55":{"start":{"line":56,"column":0},"end":{"line":56,"column":41}},"56":{"start":{"line":57,"column":0},"end":{"line":57,"column":32}},"57":{"start":{"line":58,"column":0},"end":{"line":58,"column":34}},"58":{"start":{"line":59,"column":0},"end":{"line":59,"column":35}},"59":{"start":{"line":60,"column":0},"end":{"line":60,"column":85}},"60":{"start":{"line":61,"column":0},"end":{"line":61,"column":50}},"61":{"start":{"line":62,"column":0},"end":{"line":62,"column":22}},"63":{"start":{"line":64,"column":0},"end":{"line":64,"column":18}},"64":{"start":{"line":65,"column":0},"end":{"line":65,"column":14}},"66":{"start":{"line":67,"column":0},"end":{"line":67,"column":2}},"68":{"start":{"line":69,"column":0},"end":{"line":69,"column":24}}},"s":{"1":1,"9":1,"10":13,"11":3,"12":3,"14":13,"15":13,"16":13,"17":12,"18":12,"19":12,"20":12,"21":12,"22":12,"24":13,"25":13,"26":13,"27":13,"28":13,"29":13,"30":13,"31":13,"33":13,"34":13,"35":13,"36":13,"37":13,"39":13,"41":13,"42":13,"43":13,"44":13,"45":4,"46":9,"47":13,"49":13,"50":13,"51":13,"52":13,"53":13,"54":4,"55":4,"56":4,"57":4,"58":4,"59":4,"60":4,"61":4,"63":13,"64":13,"66":13,"68":1},"branchMap":{"0":{"type":"branch","line":10,"loc":{"start":{"line":10,"column":34},"end":{"line":67,"column":2}},"locations":[{"start":{"line":10,"column":34},"end":{"line":67,"column":2}}]},"1":{"type":"branch","line":17,"loc":{"start":{"line":17,"column":21},"end":{"line":23,"column":18}},"locations":[{"start":{"line":17,"column":21},"end":{"line":23,"column":18}}]},"2":{"type":"branch","line":45,"loc":{"start":{"line":45,"column":24},"end":{"line":46,"column":62}},"locations":[{"start":{"line":45,"column":24},"end":{"line":46,"column":62}}]},"3":{"type":"branch","line":46,"loc":{"start":{"line":46,"column":30},"end":{"line":47,"column":64}},"locations":[{"start":{"line":46,"column":30},"end":{"line":47,"column":64}}]},"4":{"type":"branch","line":50,"loc":{"start":{"line":50,"column":21},"end":{"line":50,"column":60}},"locations":[{"start":{"line":50,"column":21},"end":{"line":50,"column":60}}]},"5":{"type":"branch","line":50,"loc":{"start":{"line":50,"column":34},"end":{"line":50,"column":79}},"locations":[{"start":{"line":50,"column":34},"end":{"line":50,"column":79}}]},"6":{"type":"branch","line":54,"loc":{"start":{"line":54,"column":17},"end":{"line":62,"column":22}},"locations":[{"start":{"line":54,"column":17},"end":{"line":62,"column":22}}]},"7":{"type":"branch","line":11,"loc":{"start":{"line":11,"column":20},"end":{"line":13,"column":6}},"locations":[{"start":{"line":11,"column":20},"end":{"line":13,"column":6}}]}},"b":{"0":[13],"1":[12],"2":[4],"3":[9],"4":[4],"5":[9],"6":[4],"7":[3]},"fnMap":{"0":{"name":"NewsCard","decl":{"start":{"line":10,"column":34},"end":{"line":67,"column":2}},"loc":{"start":{"line":10,"column":34},"end":{"line":67,"column":2}},"line":10},"1":{"name":"onClick","decl":{"start":{"line":11,"column":20},"end":{"line":13,"column":6}},"loc":{"start":{"line":11,"column":20},"end":{"line":13,"column":6}},"line":11}},"f":{"0":13,"1":3}}
,"D:\\OpenServer\\domains\\musk\\7-final\\1\\musk-frontend-final-1\\src\\components\\NewsCardSkeleton.tsx": {"path":"D:\\OpenServer\\domains\\musk\\7-final\\1\\musk-frontend-final-1\\src\\components\\NewsCardSkeleton.tsx","all":false,"statementMap":{"0":{"start":{"line":1,"column":0},"end":{"line":1,"column":32}},"1":{"start":{"line":2,"column":0},"end":{"line":2,"column":12}},"2":{"start":{"line":3,"column":0},"end":{"line":3,"column":12}},"3":{"start":{"line":4,"column":0},"end":{"line":4,"column":88}},"4":{"start":{"line":5,"column":0},"end":{"line":5,"column":28}},"5":{"start":{"line":6,"column":0},"end":{"line":6,"column":44}},"7":{"start":{"line":8,"column":0},"end":{"line":8,"column":92}},"8":{"start":{"line":9,"column":0},"end":{"line":9,"column":87}},"9":{"start":{"line":10,"column":0},"end":{"line":10,"column":87}},"10":{"start":{"line":11,"column":0},"end":{"line":11,"column":88}},"11":{"start":{"line":12,"column":0},"end":{"line":12,"column":63}},"12":{"start":{"line":13,"column":0},"end":{"line":13,"column":85}},"13":{"start":{"line":14,"column":0},"end":{"line":14,"column":85}},"14":{"start":{"line":15,"column":0},"end":{"line":15,"column":18}},"15":{"start":{"line":16,"column":0},"end":{"line":16,"column":14}},"17":{"start":{"line":18,"column":0},"end":{"line":18,"column":2}},"19":{"start":{"line":20,"column":0},"end":{"line":20,"column":32}}},"s":{"0":1,"1":48,"2":48,"3":48,"4":48,"5":48,"7":48,"8":48,"9":48,"10":48,"11":48,"12":48,"13":48,"14":48,"15":48,"17":48,"19":1},"branchMap":{"0":{"type":"branch","line":1,"loc":{"start":{"line":1,"column":25},"end":{"line":18,"column":2}},"locations":[{"start":{"line":1,"column":25},"end":{"line":18,"column":2}}]}},"b":{"0":[48]},"fnMap":{"0":{"name":"NewsCardSkeleton","decl":{"start":{"line":1,"column":25},"end":{"line":18,"column":2}},"loc":{"start":{"line":1,"column":25},"end":{"line":18,"column":2}},"line":1}},"f":{"0":48}}
,"D:\\OpenServer\\domains\\musk\\7-final\\1\\musk-frontend-final-1\\src\\hooks\\useDarkMode.ts": {"path":"D:\\OpenServer\\domains\\musk\\7-final\\1\\musk-frontend-final-1\\src\\hooks\\useDarkMode.ts","all":false,"statementMap":{"0":{"start":{"line":1,"column":0},"end":{"line":1,"column":44}},"2":{"start":{"line":3,"column":0},"end":{"line":3,"column":40}},"3":{"start":{"line":4,"column":0},"end":{"line":4,"column":53}},"4":{"start":{"line":5,"column":0},"end":{"line":5,"column":43}},"5":{"start":{"line":6,"column":0},"end":{"line":6,"column":45}},"6":{"start":{"line":7,"column":0},"end":{"line":7,"column":69}},"7":{"start":{"line":8,"column":0},"end":{"line":8,"column":2}},"9":{"start":{"line":10,"column":0},"end":{"line":10,"column":34}},"10":{"start":{"line":11,"column":0},"end":{"line":11,"column":58}},"12":{"start":{"line":13,"column":0},"end":{"line":13,"column":21}},"13":{"start":{"line":14,"column":0},"end":{"line":14,"column":53}},"14":{"start":{"line":15,"column":0},"end":{"line":15,"column":21}},"15":{"start":{"line":16,"column":0},"end":{"line":16,"column":39}},"16":{"start":{"line":17,"column":0},"end":{"line":17,"column":50}},"17":{"start":{"line":18,"column":0},"end":{"line":18,"column":16}},"18":{"start":{"line":19,"column":0},"end":{"line":19,"column":42}},"19":{"start":{"line":20,"column":0},"end":{"line":20,"column":51}},"20":{"start":{"line":21,"column":0},"end":{"line":21,"column":9}},"21":{"start":{"line":22,"column":0},"end":{"line":22,"column":17}},"23":{"start":{"line":24,"column":0},"end":{"line":24,"column":40}},"24":{"start":{"line":25,"column":0},"end":{"line":25,"column":2}}},"s":{"0":1,"2":1,"3":9,"4":9,"5":9,"6":2,"7":2,"9":1,"10":11,"12":11,"13":11,"14":11,"15":3,"16":3,"17":8,"18":8,"19":8,"20":8,"21":11,"23":11,"24":11},"branchMap":{"0":{"type":"branch","line":3,"loc":{"start":{"line":3,"column":24},"end":{"line":8,"column":2}},"locations":[{"start":{"line":3,"column":24},"end":{"line":8,"column":2}}]},"1":{"type":"branch","line":5,"loc":{"start":{"line":5,"column":31},"end":{"line":5,"column":43}},"locations":[{"start":{"line":5,"column":31},"end":{"line":5,"column":43}}]},"2":{"type":"branch","line":5,"loc":{"start":{"line":5,"column":38},"end":{"line":6,"column":39}},"locations":[{"start":{"line":5,"column":38},"end":{"line":6,"column":39}}]},"3":{"type":"branch","line":6,"loc":{"start":{"line":6,"column":32},"end":{"line":6,"column":45}},"locations":[{"start":{"line":6,"column":32},"end":{"line":6,"column":45}}]},"4":{"type":"branch","line":6,"loc":{"start":{"line":6,"column":39},"end":{"line":8,"column":2}},"locations":[{"start":{"line":6,"column":39},"end":{"line":8,"column":2}}]},"5":{"type":"branch","line":10,"loc":{"start":{"line":10,"column":27},"end":{"line":25,"column":2}},"locations":[{"start":{"line":10,"column":27},"end":{"line":25,"column":2}}]},"6":{"type":"branch","line":13,"loc":{"start":{"line":13,"column":14},"end":{"line":22,"column":7}},"locations":[{"start":{"line":13,"column":14},"end":{"line":22,"column":7}}]},"7":{"type":"branch","line":15,"loc":{"start":{"line":15,"column":20},"end":{"line":21,"column":9}},"locations":[{"start":{"line":15,"column":20},"end":{"line":21,"column":9}}]},"8":{"type":"branch","line":15,"loc":{"start":{"line":15,"column":20},"end":{"line":18,"column":15}},"locations":[{"start":{"line":15,"column":20},"end":{"line":18,"column":15}}]}},"b":{"0":[9],"1":[1],"2":[8],"3":[6],"4":[2],"5":[11],"6":[11],"7":[8],"8":[3]},"fnMap":{"0":{"name":"getInitialTheme","decl":{"start":{"line":3,"column":24},"end":{"line":8,"column":2}},"loc":{"start":{"line":3,"column":24},"end":{"line":8,"column":2}},"line":3},"1":{"name":"useDarkMode","decl":{"start":{"line":10,"column":27},"end":{"line":25,"column":2}},"loc":{"start":{"line":10,"column":27},"end":{"line":25,"column":2}},"line":10}},"f":{"0":9,"1":11}}
,"D:\\OpenServer\\domains\\musk\\7-final\\1\\musk-frontend-final-1\\src\\pages\\Category.tsx": {"path":"D:\\OpenServer\\domains\\musk\\7-final\\1\\musk-frontend-final-1\\src\\pages\\Category.tsx","all":false,"statementMap":{"0":{"start":{"line":1,"column":0},"end":{"line":1,"column":44}},"1":{"start":{"line":2,"column":0},"end":{"line":2,"column":45}},"2":{"start":{"line":3,"column":0},"end":{"line":3,"column":54}},"4":{"start":{"line":5,"column":0},"end":{"line":5,"column":46}},"5":{"start":{"line":6,"column":0},"end":{"line":6,"column":59}},"6":{"start":{"line":7,"column":0},"end":{"line":7,"column":62}},"8":{"start":{"line":9,"column":0},"end":{"line":9,"column":24}},"9":{"start":{"line":10,"column":0},"end":{"line":10,"column":37}},"10":{"start":{"line":11,"column":0},"end":{"line":11,"column":60}},"11":{"start":{"line":12,"column":0},"end":{"line":12,"column":21}},"12":{"start":{"line":13,"column":0},"end":{"line":13,"column":22}},"13":{"start":{"line":14,"column":0},"end":{"line":14,"column":50}},"15":{"start":{"line":16,"column":0},"end":{"line":16,"column":21}},"16":{"start":{"line":17,"column":0},"end":{"line":17,"column":37}},"17":{"start":{"line":18,"column":0},"end":{"line":18,"column":27}},"18":{"start":{"line":19,"column":0},"end":{"line":19,"column":33}},"19":{"start":{"line":20,"column":0},"end":{"line":20,"column":56}},"20":{"start":{"line":21,"column":0},"end":{"line":21,"column":38}},"21":{"start":{"line":22,"column":0},"end":{"line":22,"column":54}},"22":{"start":{"line":23,"column":0},"end":{"line":23,"column":13}},"23":{"start":{"line":24,"column":0},"end":{"line":24,"column":10}},"24":{"start":{"line":25,"column":0},"end":{"line":25,"column":24}},"25":{"start":{"line":26,"column":0},"end":{"line":26,"column":19}},"27":{"start":{"line":28,"column":0},"end":{"line":28,"column":62}},"29":{"start":{"line":30,"column":0},"end":{"line":30,"column":35}},"30":{"start":{"line":31,"column":0},"end":{"line":31,"column":55}},"31":{"start":{"line":32,"column":0},"end":{"line":32,"column":6}},"33":{"start":{"line":34,"column":0},"end":{"line":34,"column":21}},"34":{"start":{"line":35,"column":0},"end":{"line":35,"column":26}},"35":{"start":{"line":36,"column":0},"end":{"line":36,"column":11}},"37":{"start":{"line":38,"column":0},"end":{"line":38,"column":57}},"38":{"start":{"line":39,"column":0},"end":{"line":39,"column":59}},"39":{"start":{"line":40,"column":0},"end":{"line":40,"column":26}},"40":{"start":{"line":41,"column":0},"end":{"line":41,"column":6}},"42":{"start":{"line":43,"column":0},"end":{"line":43,"column":55}},"43":{"start":{"line":44,"column":0},"end":{"line":44,"column":51}},"44":{"start":{"line":45,"column":0},"end":{"line":45,"column":26}},"45":{"start":{"line":46,"column":0},"end":{"line":46,"column":6}},"47":{"start":{"line":48,"column":0},"end":{"line":48,"column":49}},"48":{"start":{"line":49,"column":0},"end":{"line":49,"column":66}},"49":{"start":{"line":50,"column":0},"end":{"line":50,"column":6}},"51":{"start":{"line":52,"column":0},"end":{"line":52,"column":12}},"52":{"start":{"line":53,"column":0},"end":{"line":53,"column":29}},"53":{"start":{"line":54,"column":0},"end":{"line":54,"column":82}},"54":{"start":{"line":55,"column":0},"end":{"line":55,"column":24}},"55":{"start":{"line":56,"column":0},"end":{"line":56,"column":30}},"56":{"start":{"line":57,"column":0},"end":{"line":57,"column":34}},"57":{"start":{"line":58,"column":0},"end":{"line":58,"column":70}},"58":{"start":{"line":59,"column":0},"end":{"line":59,"column":52}},"59":{"start":{"line":60,"column":0},"end":{"line":60,"column":52}},"60":{"start":{"line":61,"column":0},"end":{"line":61,"column":39}},"61":{"start":{"line":62,"column":0},"end":{"line":62,"column":43}},"62":{"start":{"line":63,"column":0},"end":{"line":63,"column":51}},"63":{"start":{"line":64,"column":0},"end":{"line":64,"column":79}},"64":{"start":{"line":65,"column":0},"end":{"line":65,"column":44}},"65":{"start":{"line":66,"column":0},"end":{"line":66,"column":32}},"67":{"start":{"line":68,"column":0},"end":{"line":68,"column":39}},"68":{"start":{"line":69,"column":0},"end":{"line":69,"column":43}},"69":{"start":{"line":70,"column":0},"end":{"line":70,"column":51}},"70":{"start":{"line":71,"column":0},"end":{"line":71,"column":77}},"71":{"start":{"line":72,"column":0},"end":{"line":72,"column":32}},"73":{"start":{"line":74,"column":0},"end":{"line":74,"column":24}},"74":{"start":{"line":75,"column":0},"end":{"line":75,"column":18}},"75":{"start":{"line":76,"column":0},"end":{"line":76,"column":14}},"77":{"start":{"line":78,"column":0},"end":{"line":78,"column":2}},"79":{"start":{"line":80,"column":0},"end":{"line":80,"column":24}}},"s":{"0":1,"1":1,"2":1,"4":1,"5":1,"6":1,"8":1,"9":9,"10":9,"11":9,"12":9,"13":9,"15":9,"16":3,"17":3,"18":3,"19":3,"20":3,"21":3,"22":3,"23":3,"24":3,"25":9,"27":9,"29":9,"30":4,"31":4,"33":9,"34":3,"35":9,"37":9,"38":0,"39":0,"40":0,"42":9,"43":1,"44":1,"45":1,"47":9,"48":3,"49":3,"51":9,"52":9,"53":9,"54":9,"55":3,"56":3,"57":3,"58":6,"59":3,"60":0,"61":0,"62":0,"63":0,"64":0,"65":0,"67":3,"68":3,"69":3,"70":3,"71":3,"73":6,"74":9,"75":9,"77":9,"79":1},"branchMap":{"0":{"type":"branch","line":9,"loc":{"start":{"line":9,"column":17},"end":{"line":78,"column":2}},"locations":[{"start":{"line":9,"column":17},"end":{"line":78,"column":2}}]},"1":{"type":"branch","line":55,"loc":{"start":{"line":55,"column":17},"end":{"line":58,"column":70}},"locations":[{"start":{"line":55,"column":17},"end":{"line":58,"column":70}}]},"2":{"type":"branch","line":58,"loc":{"start":{"line":58,"column":69},"end":{"line":74,"column":24}},"locations":[{"start":{"line":58,"column":69},"end":{"line":74,"column":24}}]},"3":{"type":"branch","line":16,"loc":{"start":{"line":16,"column":14},"end":{"line":26,"column":7}},"locations":[{"start":{"line":16,"column":14},"end":{"line":26,"column":7}}]},"4":{"type":"branch","line":17,"loc":{"start":{"line":17,"column":30},"end":{"line":24,"column":10}},"locations":[{"start":{"line":17,"column":30},"end":{"line":24,"column":10}}]},"5":{"type":"branch","line":22,"loc":{"start":{"line":22,"column":29},"end":{"line":22,"column":52}},"locations":[{"start":{"line":22,"column":29},"end":{"line":22,"column":52}}]},"6":{"type":"branch","line":30,"loc":{"start":{"line":30,"column":28},"end":{"line":32,"column":6}},"locations":[{"start":{"line":30,"column":28},"end":{"line":32,"column":6}}]},"7":{"type":"branch","line":34,"loc":{"start":{"line":34,"column":14},"end":{"line":36,"column":7}},"locations":[{"start":{"line":34,"column":14},"end":{"line":36,"column":7}}]},"8":{"type":"branch","line":43,"loc":{"start":{"line":43,"column":32},"end":{"line":46,"column":6}},"locations":[{"start":{"line":43,"column":32},"end":{"line":46,"column":6}}]},"9":{"type":"branch","line":48,"loc":{"start":{"line":48,"column":26},"end":{"line":50,"column":6}},"locations":[{"start":{"line":48,"column":26},"end":{"line":50,"column":6}}]},"10":{"type":"branch","line":58,"loc":{"start":{"line":58,"column":31},"end":{"line":58,"column":69}},"locations":[{"start":{"line":58,"column":31},"end":{"line":58,"column":69}}]},"11":{"type":"branch","line":59,"loc":{"start":{"line":59,"column":35},"end":{"line":72,"column":32}},"locations":[{"start":{"line":59,"column":35},"end":{"line":72,"column":32}}]},"12":{"type":"branch","line":60,"loc":{"start":{"line":60,"column":47},"end":{"line":66,"column":32}},"locations":[{"start":{"line":60,"column":47},"end":{"line":66,"column":32}}]},"13":{"type":"branch","line":71,"loc":{"start":{"line":71,"column":42},"end":{"line":71,"column":77}},"locations":[{"start":{"line":71,"column":42},"end":{"line":71,"column":77}}]}},"b":{"0":[9],"1":[3],"2":[6],"3":[3],"4":[3],"5":[2],"6":[4],"7":[3],"8":[1],"9":[3],"10":[18],"11":[3],"12":[0],"13":[1]},"fnMap":{"0":{"name":"Category","decl":{"start":{"line":9,"column":17},"end":{"line":78,"column":2}},"loc":{"start":{"line":9,"column":17},"end":{"line":78,"column":2}},"line":9},"1":{"name":"fetchArticles","decl":{"start":{"line":17,"column":30},"end":{"line":24,"column":10}},"loc":{"start":{"line":17,"column":30},"end":{"line":24,"column":10}},"line":17},"2":{"name":"updateFavorites","decl":{"start":{"line":30,"column":28},"end":{"line":32,"column":6}},"loc":{"start":{"line":30,"column":28},"end":{"line":32,"column":6}},"line":30},"3":{"name":"handleRemoveFavorites","decl":{"start":{"line":38,"column":34},"end":{"line":41,"column":6}},"loc":{"start":{"line":38,"column":34},"end":{"line":41,"column":6}},"line":38},"4":{"name":"handleSaveFavorites","decl":{"start":{"line":43,"column":32},"end":{"line":46,"column":6}},"loc":{"start":{"line":43,"column":32},"end":{"line":46,"column":6}},"line":43},"5":{"name":"isInFavorites","decl":{"start":{"line":48,"column":26},"end":{"line":50,"column":6}},"loc":{"start":{"line":48,"column":26},"end":{"line":50,"column":6}},"line":48},"6":{"name":"onSave","decl":{"start":{"line":64,"column":42},"end":{"line":64,"column":79}},"loc":{"start":{"line":64,"column":42},"end":{"line":64,"column":79}},"line":64},"7":{"name":"onSave","decl":{"start":{"line":71,"column":42},"end":{"line":71,"column":77}},"loc":{"start":{"line":71,"column":42},"end":{"line":71,"column":77}},"line":71}},"f":{"0":9,"1":3,"2":4,"3":0,"4":1,"5":3,"6":0,"7":1}}
,"D:\\OpenServer\\domains\\musk\\7-final\\1\\musk-frontend-final-1\\src\\pages\\Favorites.tsx": {"path":"D:\\OpenServer\\domains\\musk\\7-final\\1\\musk-frontend-final-1\\src\\pages\\Favorites.tsx","all":false,"statementMap":{"0":{"start":{"line":1,"column":0},"end":{"line":1,"column":44}},"2":{"start":{"line":3,"column":0},"end":{"line":3,"column":74}},"3":{"start":{"line":4,"column":0},"end":{"line":4,"column":46}},"4":{"start":{"line":5,"column":0},"end":{"line":5,"column":56}},"5":{"start":{"line":6,"column":0},"end":{"line":6,"column":47}},"7":{"start":{"line":8,"column":0},"end":{"line":8,"column":25}},"8":{"start":{"line":9,"column":0},"end":{"line":9,"column":62}},"10":{"start":{"line":11,"column":0},"end":{"line":11,"column":21}},"11":{"start":{"line":12,"column":0},"end":{"line":12,"column":37}},"12":{"start":{"line":13,"column":0},"end":{"line":13,"column":11}},"14":{"start":{"line":15,"column":0},"end":{"line":15,"column":43}},"15":{"start":{"line":16,"column":0},"end":{"line":16,"column":33}},"16":{"start":{"line":17,"column":0},"end":{"line":17,"column":39}},"17":{"start":{"line":18,"column":0},"end":{"line":18,"column":66}},"18":{"start":{"line":19,"column":0},"end":{"line":19,"column":10}},"19":{"start":{"line":20,"column":0},"end":{"line":20,"column":6}},"21":{"start":{"line":22,"column":0},"end":{"line":22,"column":12}},"22":{"start":{"line":23,"column":0},"end":{"line":23,"column":82}},"23":{"start":{"line":24,"column":0},"end":{"line":24,"column":29}},"24":{"start":{"line":25,"column":0},"end":{"line":25,"column":41}},"25":{"start":{"line":26,"column":0},"end":{"line":26,"column":55}},"26":{"start":{"line":27,"column":0},"end":{"line":27,"column":35}},"27":{"start":{"line":28,"column":0},"end":{"line":28,"column":45}},"28":{"start":{"line":29,"column":0},"end":{"line":29,"column":59}},"29":{"start":{"line":30,"column":0},"end":{"line":30,"column":58}},"30":{"start":{"line":31,"column":0},"end":{"line":31,"column":56}},"31":{"start":{"line":32,"column":0},"end":{"line":32,"column":78}},"33":{"start":{"line":34,"column":0},"end":{"line":34,"column":37}},"34":{"start":{"line":35,"column":0},"end":{"line":35,"column":49}},"35":{"start":{"line":36,"column":0},"end":{"line":36,"column":72}},"36":{"start":{"line":37,"column":0},"end":{"line":37,"column":42}},"37":{"start":{"line":38,"column":0},"end":{"line":38,"column":30}},"38":{"start":{"line":39,"column":0},"end":{"line":39,"column":37}},"39":{"start":{"line":40,"column":0},"end":{"line":40,"column":22}},"41":{"start":{"line":42,"column":0},"end":{"line":42,"column":29}},"42":{"start":{"line":43,"column":0},"end":{"line":43,"column":61}},"43":{"start":{"line":44,"column":0},"end":{"line":44,"column":48}},"44":{"start":{"line":45,"column":0},"end":{"line":45,"column":48}},"45":{"start":{"line":46,"column":0},"end":{"line":46,"column":45}},"47":{"start":{"line":48,"column":0},"end":{"line":48,"column":44}},"48":{"start":{"line":49,"column":0},"end":{"line":49,"column":31}},"50":{"start":{"line":51,"column":0},"end":{"line":51,"column":30}},"51":{"start":{"line":52,"column":0},"end":{"line":52,"column":14}},"53":{"start":{"line":54,"column":0},"end":{"line":54,"column":2}},"55":{"start":{"line":56,"column":0},"end":{"line":56,"column":25}}},"s":{"0":1,"2":1,"3":1,"4":1,"5":1,"7":1,"8":8,"10":8,"11":4,"12":8,"14":8,"15":1,"16":1,"17":1,"18":1,"19":1,"21":8,"22":8,"23":8,"24":8,"25":2,"26":2,"27":2,"28":2,"29":2,"30":2,"31":2,"33":2,"34":2,"35":2,"36":2,"37":2,"38":2,"39":2,"41":6,"42":6,"43":6,"44":6,"45":6,"47":6,"48":6,"50":8,"51":8,"53":8,"55":1},"branchMap":{"0":{"type":"branch","line":8,"loc":{"start":{"line":8,"column":18},"end":{"line":54,"column":2}},"locations":[{"start":{"line":8,"column":18},"end":{"line":54,"column":2}}]},"1":{"type":"branch","line":25,"loc":{"start":{"line":25,"column":36},"end":{"line":40,"column":22}},"locations":[{"start":{"line":25,"column":36},"end":{"line":40,"column":22}}]},"2":{"type":"branch","line":40,"loc":{"start":{"line":40,"column":21},"end":{"line":49,"column":31}},"locations":[{"start":{"line":40,"column":21},"end":{"line":49,"column":31}}]},"3":{"type":"branch","line":11,"loc":{"start":{"line":11,"column":14},"end":{"line":13,"column":7}},"locations":[{"start":{"line":11,"column":14},"end":{"line":13,"column":7}}]},"4":{"type":"branch","line":15,"loc":{"start":{"line":15,"column":25},"end":{"line":20,"column":6}},"locations":[{"start":{"line":15,"column":25},"end":{"line":20,"column":6}}]},"5":{"type":"branch","line":17,"loc":{"start":{"line":17,"column":21},"end":{"line":18,"column":66}},"locations":[{"start":{"line":17,"column":21},"end":{"line":18,"column":66}}]},"6":{"type":"branch","line":18,"loc":{"start":{"line":18,"column":33},"end":{"line":18,"column":65}},"locations":[{"start":{"line":18,"column":33},"end":{"line":18,"column":65}}]},"7":{"type":"branch","line":26,"loc":{"start":{"line":26,"column":34},"end":{"line":39,"column":37}},"locations":[{"start":{"line":26,"column":34},"end":{"line":39,"column":37}}]},"8":{"type":"branch","line":36,"loc":{"start":{"line":36,"column":40},"end":{"line":36,"column":72}},"locations":[{"start":{"line":36,"column":40},"end":{"line":36,"column":72}}]}},"b":{"0":[8],"1":[2],"2":[6],"3":[4],"4":[1],"5":[1],"6":[1],"7":[2],"8":[1]},"fnMap":{"0":{"name":"Favorites","decl":{"start":{"line":8,"column":18},"end":{"line":54,"column":2}},"loc":{"start":{"line":8,"column":18},"end":{"line":54,"column":2}},"line":8},"1":{"name":"handleRemove","decl":{"start":{"line":15,"column":25},"end":{"line":20,"column":6}},"loc":{"start":{"line":15,"column":25},"end":{"line":20,"column":6}},"line":15},"2":{"name":"onSave","decl":{"start":{"line":36,"column":40},"end":{"line":36,"column":72}},"loc":{"start":{"line":36,"column":40},"end":{"line":36,"column":72}},"line":36}},"f":{"0":8,"1":1,"2":1}}
,"D:\\OpenServer\\domains\\musk\\7-final\\1\\musk-frontend-final-1\\src\\pages\\FilterPage.tsx": {"path":"D:\\OpenServer\\domains\\musk\\7-final\\1\\musk-frontend-final-1\\src\\pages\\FilterPage.tsx","all":false,"statementMap":{"0":{"start":{"line":1,"column":0},"end":{"line":1,"column":54}},"2":{"start":{"line":3,"column":0},"end":{"line":3,"column":46}},"3":{"start":{"line":4,"column":0},"end":{"line":4,"column":56}},"4":{"start":{"line":5,"column":0},"end":{"line":5,"column":74}},"5":{"start":{"line":6,"column":0},"end":{"line":6,"column":62}},"6":{"start":{"line":7,"column":0},"end":{"line":7,"column":26}},"7":{"start":{"line":8,"column":0},"end":{"line":8,"column":44}},"8":{"start":{"line":9,"column":0},"end":{"line":9,"column":47}},"10":{"start":{"line":11,"column":0},"end":{"line":11,"column":27}},"11":{"start":{"line":12,"column":0},"end":{"line":12,"column":60}},"12":{"start":{"line":13,"column":0},"end":{"line":13,"column":43}},"13":{"start":{"line":14,"column":0},"end":{"line":14,"column":45}},"14":{"start":{"line":15,"column":0},"end":{"line":15,"column":50}},"15":{"start":{"line":16,"column":0},"end":{"line":16,"column":51}},"17":{"start":{"line":18,"column":0},"end":{"line":18,"column":10}},"19":{"start":{"line":20,"column":0},"end":{"line":20,"column":24}},"21":{"start":{"line":22,"column":0},"end":{"line":22,"column":21}},"22":{"start":{"line":23,"column":0},"end":{"line":23,"column":42}},"23":{"start":{"line":24,"column":0},"end":{"line":24,"column":17}},"24":{"start":{"line":25,"column":0},"end":{"line":25,"column":49}},"25":{"start":{"line":26,"column":0},"end":{"line":26,"column":67}},"26":{"start":{"line":27,"column":0},"end":{"line":27,"column":21}},"27":{"start":{"line":28,"column":0},"end":{"line":28,"column":33}},"28":{"start":{"line":29,"column":0},"end":{"line":29,"column":70}},"29":{"start":{"line":30,"column":0},"end":{"line":30,"column":26}},"30":{"start":{"line":31,"column":0},"end":{"line":31,"column":21}},"31":{"start":{"line":32,"column":0},"end":{"line":32,"column":18}},"32":{"start":{"line":33,"column":0},"end":{"line":33,"column":45}},"33":{"start":{"line":34,"column":0},"end":{"line":34,"column":29}},"34":{"start":{"line":35,"column":0},"end":{"line":35,"column":63}},"35":{"start":{"line":36,"column":0},"end":{"line":36,"column":13}},"36":{"start":{"line":37,"column":0},"end":{"line":37,"column":10}},"37":{"start":{"line":38,"column":0},"end":{"line":38,"column":39}},"38":{"start":{"line":39,"column":0},"end":{"line":39,"column":27}},"39":{"start":{"line":40,"column":0},"end":{"line":40,"column":9}},"40":{"start":{"line":41,"column":0},"end":{"line":41,"column":11}},"42":{"start":{"line":43,"column":0},"end":{"line":43,"column":33}},"43":{"start":{"line":44,"column":0},"end":{"line":44,"column":25}},"44":{"start":{"line":45,"column":0},"end":{"line":45,"column":48}},"45":{"start":{"line":46,"column":0},"end":{"line":46,"column":30}},"46":{"start":{"line":47,"column":0},"end":{"line":47,"column":41}},"47":{"start":{"line":48,"column":0},"end":{"line":48,"column":46}},"48":{"start":{"line":49,"column":0},"end":{"line":49,"column":6}},"50":{"start":{"line":51,"column":0},"end":{"line":51,"column":31}},"51":{"start":{"line":52,"column":0},"end":{"line":52,"column":24}},"52":{"start":{"line":53,"column":0},"end":{"line":53,"column":6}},"54":{"start":{"line":55,"column":0},"end":{"line":55,"column":31}},"55":{"start":{"line":56,"column":0},"end":{"line":56,"column":21}},"56":{"start":{"line":57,"column":0},"end":{"line":57,"column":22}},"57":{"start":{"line":58,"column":0},"end":{"line":58,"column":24}},"58":{"start":{"line":59,"column":0},"end":{"line":59,"column":6}},"60":{"start":{"line":61,"column":0},"end":{"line":61,"column":62}},"62":{"start":{"line":63,"column":0},"end":{"line":63,"column":21}},"63":{"start":{"line":64,"column":0},"end":{"line":64,"column":37}},"64":{"start":{"line":65,"column":0},"end":{"line":65,"column":11}},"66":{"start":{"line":67,"column":0},"end":{"line":67,"column":43}},"67":{"start":{"line":68,"column":0},"end":{"line":68,"column":33}},"68":{"start":{"line":69,"column":0},"end":{"line":69,"column":37}},"69":{"start":{"line":70,"column":0},"end":{"line":70,"column":6}},"71":{"start":{"line":72,"column":0},"end":{"line":72,"column":49}},"72":{"start":{"line":73,"column":0},"end":{"line":73,"column":12}},"73":{"start":{"line":74,"column":0},"end":{"line":74,"column":78}},"74":{"start":{"line":75,"column":0},"end":{"line":75,"column":11}},"75":{"start":{"line":76,"column":0},"end":{"line":76,"column":20}},"76":{"start":{"line":77,"column":0},"end":{"line":77,"column":56}},"77":{"start":{"line":78,"column":0},"end":{"line":78,"column":33}},"78":{"start":{"line":79,"column":0},"end":{"line":79,"column":14}},"79":{"start":{"line":80,"column":0},"end":{"line":80,"column":9}},"80":{"start":{"line":81,"column":0},"end":{"line":81,"column":16}},"81":{"start":{"line":82,"column":0},"end":{"line":82,"column":36}},"82":{"start":{"line":83,"column":0},"end":{"line":83,"column":30}},"83":{"start":{"line":84,"column":0},"end":{"line":84,"column":10}},"84":{"start":{"line":85,"column":0},"end":{"line":85,"column":6}},"86":{"start":{"line":87,"column":0},"end":{"line":87,"column":12}},"87":{"start":{"line":88,"column":0},"end":{"line":88,"column":29}},"88":{"start":{"line":89,"column":0},"end":{"line":89,"column":99}},"89":{"start":{"line":90,"column":0},"end":{"line":90,"column":22}},"90":{"start":{"line":91,"column":0},"end":{"line":91,"column":31}},"91":{"start":{"line":92,"column":0},"end":{"line":92,"column":41}},"92":{"start":{"line":93,"column":0},"end":{"line":93,"column":33}},"93":{"start":{"line":94,"column":0},"end":{"line":94,"column":62}},"94":{"start":{"line":95,"column":0},"end":{"line":95,"column":50}},"95":{"start":{"line":96,"column":0},"end":{"line":96,"column":18}},"97":{"start":{"line":98,"column":0},"end":{"line":98,"column":23}},"98":{"start":{"line":99,"column":0},"end":{"line":99,"column":34}},"99":{"start":{"line":100,"column":0},"end":{"line":100,"column":63}},"100":{"start":{"line":101,"column":0},"end":{"line":101,"column":50}},"102":{"start":{"line":103,"column":0},"end":{"line":103,"column":60}},"104":{"start":{"line":105,"column":0},"end":{"line":105,"column":29}},"105":{"start":{"line":106,"column":0},"end":{"line":106,"column":45}},"106":{"start":{"line":107,"column":0},"end":{"line":107,"column":79}},"107":{"start":{"line":108,"column":0},"end":{"line":108,"column":36}},"108":{"start":{"line":109,"column":0},"end":{"line":109,"column":33}},"109":{"start":{"line":110,"column":0},"end":{"line":110,"column":23}},"110":{"start":{"line":111,"column":0},"end":{"line":111,"column":25}},"112":{"start":{"line":113,"column":0},"end":{"line":113,"column":23}},"113":{"start":{"line":114,"column":0},"end":{"line":114,"column":41}},"114":{"start":{"line":115,"column":0},"end":{"line":115,"column":81}},"115":{"start":{"line":116,"column":0},"end":{"line":116,"column":17}},"116":{"start":{"line":117,"column":0},"end":{"line":117,"column":74}},"117":{"start":{"line":118,"column":0},"end":{"line":118,"column":25}},"118":{"start":{"line":119,"column":0},"end":{"line":119,"column":23}},"119":{"start":{"line":120,"column":0},"end":{"line":120,"column":41}},"120":{"start":{"line":121,"column":0},"end":{"line":121,"column":80}},"121":{"start":{"line":122,"column":0},"end":{"line":122,"column":17}},"123":{"start":{"line":124,"column":0},"end":{"line":124,"column":25}},"124":{"start":{"line":125,"column":0},"end":{"line":125,"column":18}},"125":{"start":{"line":126,"column":0},"end":{"line":126,"column":39}},"126":{"start":{"line":127,"column":0},"end":{"line":127,"column":83}},"127":{"start":{"line":128,"column":0},"end":{"line":128,"column":40}},"128":{"start":{"line":129,"column":0},"end":{"line":129,"column":22}},"130":{"start":{"line":131,"column":0},"end":{"line":131,"column":82}},"131":{"start":{"line":132,"column":0},"end":{"line":132,"column":24}},"132":{"start":{"line":133,"column":0},"end":{"line":133,"column":30}},"133":{"start":{"line":134,"column":0},"end":{"line":134,"column":34}},"134":{"start":{"line":135,"column":0},"end":{"line":135,"column":70}},"135":{"start":{"line":136,"column":0},"end":{"line":136,"column":54}},"136":{"start":{"line":137,"column":0},"end":{"line":137,"column":35}},"137":{"start":{"line":138,"column":0},"end":{"line":138,"column":39}},"138":{"start":{"line":139,"column":0},"end":{"line":139,"column":47}},"139":{"start":{"line":140,"column":0},"end":{"line":140,"column":57}},"140":{"start":{"line":141,"column":0},"end":{"line":141,"column":28}},"141":{"start":{"line":142,"column":0},"end":{"line":142,"column":25}},"142":{"start":{"line":143,"column":0},"end":{"line":143,"column":18}},"143":{"start":{"line":144,"column":0},"end":{"line":144,"column":14}},"145":{"start":{"line":146,"column":0},"end":{"line":146,"column":2}},"147":{"start":{"line":148,"column":0},"end":{"line":148,"column":27}}},"s":{"0":1,"2":1,"3":1,"4":1,"5":1,"6":1,"7":1,"8":1,"10":1,"11":36,"12":36,"13":36,"14":36,"15":36,"17":36,"19":36,"21":36,"22":11,"23":11,"24":11,"25":11,"26":11,"27":11,"28":11,"29":11,"30":11,"31":11,"32":9,"33":9,"34":9,"35":9,"36":11,"37":11,"38":11,"39":11,"40":36,"42":36,"43":5,"44":5,"45":5,"46":5,"47":5,"48":5,"50":36,"51":5,"52":5,"54":36,"55":2,"56":2,"57":2,"58":2,"60":36,"62":36,"63":11,"64":36,"66":36,"67":0,"68":0,"69":0,"71":36,"72":3,"73":3,"74":3,"75":0,"76":0,"77":0,"78":0,"79":0,"80":3,"81":3,"82":3,"83":3,"84":3,"86":36,"87":36,"88":36,"89":36,"90":36,"91":36,"92":36,"93":36,"94":36,"95":36,"97":36,"98":36,"99":36,"100":36,"102":36,"104":36,"105":36,"106":2,"107":2,"108":2,"109":36,"110":36,"112":36,"113":36,"114":36,"115":36,"116":36,"117":36,"118":36,"119":36,"120":36,"121":36,"123":36,"124":36,"125":36,"126":33,"127":33,"128":33,"130":36,"131":36,"132":5,"133":5,"134":5,"135":31,"136":3,"137":3,"138":3,"139":3,"140":3,"141":31,"142":36,"143":36,"145":36,"147":1},"branchMap":{"0":{"type":"branch","line":11,"loc":{"start":{"line":11,"column":20},"end":{"line":146,"column":2}},"locations":[{"start":{"line":11,"column":20},"end":{"line":146,"column":2}}]},"1":{"type":"branch","line":126,"loc":{"start":{"line":126,"column":33},"end":{"line":129,"column":22}},"locations":[{"start":{"line":126,"column":33},"end":{"line":129,"column":22}}]},"2":{"type":"branch","line":132,"loc":{"start":{"line":132,"column":17},"end":{"line":135,"column":70}},"locations":[{"start":{"line":132,"column":17},"end":{"line":135,"column":70}}]},"3":{"type":"branch","line":135,"loc":{"start":{"line":135,"column":69},"end":{"line":142,"column":25}},"locations":[{"start":{"line":135,"column":69},"end":{"line":142,"column":25}}]},"4":{"type":"branch","line":22,"loc":{"start":{"line":22,"column":14},"end":{"line":41,"column":7}},"locations":[{"start":{"line":22,"column":14},"end":{"line":41,"column":7}}]},"5":{"type":"branch","line":23,"loc":{"start":{"line":23,"column":29},"end":{"line":37,"column":10}},"locations":[{"start":{"line":23,"column":29},"end":{"line":37,"column":10}}]},"6":{"type":"branch","line":32,"loc":{"start":{"line":32,"column":16},"end":{"line":36,"column":13}},"locations":[{"start":{"line":32,"column":16},"end":{"line":36,"column":13}}]},"7":{"type":"branch","line":43,"loc":{"start":{"line":43,"column":26},"end":{"line":49,"column":6}},"locations":[{"start":{"line":43,"column":26},"end":{"line":49,"column":6}}]},"8":{"type":"branch","line":48,"loc":{"start":{"line":48,"column":21},"end":{"line":48,"column":44}},"locations":[{"start":{"line":48,"column":21},"end":{"line":48,"column":44}}]},"9":{"type":"branch","line":51,"loc":{"start":{"line":51,"column":24},"end":{"line":53,"column":6}},"locations":[{"start":{"line":51,"column":24},"end":{"line":53,"column":6}}]},"10":{"type":"branch","line":55,"loc":{"start":{"line":55,"column":24},"end":{"line":59,"column":6}},"locations":[{"start":{"line":55,"column":24},"end":{"line":59,"column":6}}]},"11":{"type":"branch","line":63,"loc":{"start":{"line":63,"column":14},"end":{"line":65,"column":7}},"locations":[{"start":{"line":63,"column":14},"end":{"line":65,"column":7}}]},"12":{"type":"branch","line":72,"loc":{"start":{"line":72,"column":26},"end":{"line":85,"column":6}},"locations":[{"start":{"line":72,"column":26},"end":{"line":85,"column":6}}]},"13":{"type":"branch","line":75,"loc":{"start":{"line":75,"column":10},"end":{"line":80,"column":9}},"locations":[{"start":{"line":75,"column":10},"end":{"line":80,"column":9}}]},"14":{"type":"branch","line":94,"loc":{"start":{"line":94,"column":30},"end":{"line":94,"column":62}},"locations":[{"start":{"line":94,"column":30},"end":{"line":94,"column":62}}]},"15":{"type":"branch","line":106,"loc":{"start":{"line":106,"column":37},"end":{"line":109,"column":33}},"locations":[{"start":{"line":106,"column":37},"end":{"line":109,"column":33}}]},"16":{"type":"branch","line":135,"loc":{"start":{"line":135,"column":31},"end":{"line":135,"column":69}},"locations":[{"start":{"line":135,"column":31},"end":{"line":135,"column":69}}]},"17":{"type":"branch","line":136,"loc":{"start":{"line":136,"column":35},"end":{"line":141,"column":28}},"locations":[{"start":{"line":136,"column":35},"end":{"line":141,"column":28}}]}},"b":{"0":[36],"1":[33],"2":[5],"3":[31],"4":[11],"5":[11],"6":[9],"7":[5],"8":[3],"9":[5],"10":[2],"11":[11],"12":[3],"13":[0],"14":[4],"15":[2],"16":[30],"17":[3]},"fnMap":{"0":{"name":"FiltersPage","decl":{"start":{"line":11,"column":20},"end":{"line":146,"column":2}},"loc":{"start":{"line":11,"column":20},"end":{"line":146,"column":2}},"line":11},"1":{"name":"fetchSources","decl":{"start":{"line":23,"column":29},"end":{"line":37,"column":10}},"loc":{"start":{"line":23,"column":29},"end":{"line":37,"column":10}},"line":23},"2":{"name":"fetchArticles","decl":{"start":{"line":43,"column":26},"end":{"line":49,"column":6}},"loc":{"start":{"line":43,"column":26},"end":{"line":49,"column":6}},"line":43},"3":{"name":"handleApply","decl":{"start":{"line":51,"column":24},"end":{"line":53,"column":6}},"loc":{"start":{"line":51,"column":24},"end":{"line":53,"column":6}},"line":51},"4":{"name":"handleReset","decl":{"start":{"line":55,"column":24},"end":{"line":59,"column":6}},"loc":{"start":{"line":55,"column":24},"end":{"line":59,"column":6}},"line":55},"5":{"name":"handleRemove","decl":{"start":{"line":67,"column":25},"end":{"line":70,"column":6}},"loc":{"start":{"line":67,"column":25},"end":{"line":70,"column":6}},"line":67},"6":{"name":"isInFavorites","decl":{"start":{"line":72,"column":26},"end":{"line":85,"column":6}},"loc":{"start":{"line":72,"column":26},"end":{"line":85,"column":6}},"line":72},"7":{"name":"onSave","decl":{"start":{"line":77,"column":24},"end":{"line":77,"column":56}},"loc":{"start":{"line":77,"column":24},"end":{"line":77,"column":56}},"line":77},"8":{"name":"onChange","decl":{"start":{"line":94,"column":30},"end":{"line":94,"column":62}},"loc":{"start":{"line":94,"column":30},"end":{"line":94,"column":62}},"line":94},"9":{"name":"onChange","decl":{"start":{"line":100,"column":30},"end":{"line":100,"column":63}},"loc":{"start":{"line":100,"column":30},"end":{"line":100,"column":63}},"line":100}},"f":{"0":36,"1":11,"2":5,"3":5,"4":2,"5":0,"6":3,"7":0,"8":4,"9":0}}
,"D:\\OpenServer\\domains\\musk\\7-final\\1\\musk-frontend-final-1\\src\\services\\config.ts": {"path":"D:\\OpenServer\\domains\\musk\\7-final\\1\\musk-frontend-final-1\\src\\services\\config.ts","all":false,"statementMap":{"0":{"start":{"line":1,"column":0},"end":{"line":1,"column":65}}},"s":{"0":1},"branchMap":{"0":{"type":"branch","line":1,"loc":{"start":{"line":1,"column":25},"end":{"line":1,"column":65}},"locations":[{"start":{"line":1,"column":25},"end":{"line":1,"column":65}}]}},"b":{"0":[4]},"fnMap":{"0":{"name":"getApiKey","decl":{"start":{"line":1,"column":25},"end":{"line":1,"column":65}},"loc":{"start":{"line":1,"column":25},"end":{"line":1,"column":65}},"line":1}},"f":{"0":4}}
,"D:\\OpenServer\\domains\\musk\\7-final\\1\\musk-frontend-final-1\\src\\services\\newsApi.ts": {"path":"D:\\OpenServer\\domains\\musk\\7-final\\1\\musk-frontend-final-1\\src\\services\\newsApi.ts","all":false,"statementMap":{"0":{"start":{"line":1,"column":0},"end":{"line":1,"column":26}},"2":{"start":{"line":3,"column":0},"end":{"line":3,"column":37}},"4":{"start":{"line":5,"column":0},"end":{"line":5,"column":28}},"5":{"start":{"line":6,"column":0},"end":{"line":6,"column":42}},"14":{"start":{"line":15,"column":0},"end":{"line":15,"column":38}},"15":{"start":{"line":16,"column":0},"end":{"line":16,"column":33}},"16":{"start":{"line":17,"column":0},"end":{"line":17,"column":19}},"17":{"start":{"line":18,"column":0},"end":{"line":18,"column":23}},"18":{"start":{"line":19,"column":0},"end":{"line":19,"column":26}},"19":{"start":{"line":20,"column":0},"end":{"line":20,"column":19}},"20":{"start":{"line":21,"column":0},"end":{"line":21,"column":53}},"21":{"start":{"line":22,"column":0},"end":{"line":22,"column":5}},"23":{"start":{"line":24,"column":0},"end":{"line":24,"column":20}},"24":{"start":{"line":25,"column":0},"end":{"line":25,"column":24}},"25":{"start":{"line":26,"column":0},"end":{"line":26,"column":53}},"26":{"start":{"line":27,"column":0},"end":{"line":27,"column":10}},"27":{"start":{"line":28,"column":0},"end":{"line":28,"column":24}},"28":{"start":{"line":29,"column":0},"end":{"line":29,"column":6}},"30":{"start":{"line":31,"column":0},"end":{"line":31,"column":9}},"31":{"start":{"line":32,"column":0},"end":{"line":32,"column":71}},"32":{"start":{"line":33,"column":0},"end":{"line":33,"column":19}},"33":{"start":{"line":34,"column":0},"end":{"line":34,"column":11}},"34":{"start":{"line":35,"column":0},"end":{"line":35,"column":44}},"36":{"start":{"line":37,"column":0},"end":{"line":37,"column":30}},"37":{"start":{"line":38,"column":0},"end":{"line":38,"column":24}},"38":{"start":{"line":39,"column":0},"end":{"line":39,"column":80}},"39":{"start":{"line":40,"column":0},"end":{"line":40,"column":10}},"40":{"start":{"line":41,"column":0},"end":{"line":41,"column":5}},"41":{"start":{"line":42,"column":0},"end":{"line":42,"column":2}}},"s":{"0":1,"2":1,"4":1,"5":1,"14":1,"15":12,"16":12,"17":12,"18":12,"19":12,"20":1,"21":1,"23":11,"24":11,"25":12,"26":12,"27":12,"28":12,"30":12,"31":12,"32":12,"33":12,"34":11,"36":12,"37":7,"38":7,"39":7,"40":7,"41":12},"branchMap":{"0":{"type":"branch","line":15,"loc":{"start":{"line":15,"column":31},"end":{"line":42,"column":2}},"locations":[{"start":{"line":15,"column":31},"end":{"line":42,"column":2}}]},"1":{"type":"branch","line":20,"loc":{"start":{"line":20,"column":18},"end":{"line":22,"column":5}},"locations":[{"start":{"line":20,"column":18},"end":{"line":22,"column":5}}]},"2":{"type":"branch","line":22,"loc":{"start":{"line":22,"column":4},"end":{"line":26,"column":39}},"locations":[{"start":{"line":22,"column":4},"end":{"line":26,"column":39}}]},"3":{"type":"branch","line":26,"loc":{"start":{"line":26,"column":31},"end":{"line":26,"column":44}},"locations":[{"start":{"line":26,"column":31},"end":{"line":26,"column":44}}]},"4":{"type":"branch","line":26,"loc":{"start":{"line":26,"column":39},"end":{"line":26,"column":53}},"locations":[{"start":{"line":26,"column":39},"end":{"line":26,"column":53}}]},"5":{"type":"branch","line":34,"loc":{"start":{"line":34,"column":9},"end":{"line":35,"column":44}},"locations":[{"start":{"line":34,"column":9},"end":{"line":35,"column":44}}]},"6":{"type":"branch","line":34,"loc":{"start":{"line":34,"column":9},"end":{"line":35,"column":41}},"locations":[{"start":{"line":34,"column":9},"end":{"line":35,"column":41}}]},"7":{"type":"branch","line":35,"loc":{"start":{"line":35,"column":29},"end":{"line":35,"column":44}},"locations":[{"start":{"line":35,"column":29},"end":{"line":35,"column":44}}]},"8":{"type":"branch","line":37,"loc":{"start":{"line":37,"column":4},"end":{"line":41,"column":5}},"locations":[{"start":{"line":37,"column":4},"end":{"line":41,"column":5}}]}},"b":{"0":[12],"1":[1],"2":[11],"3":[0],"4":[11],"5":[11],"6":[4],"7":[1],"8":[7]},"fnMap":{"0":{"name":"getTopHeadlines","decl":{"start":{"line":15,"column":31},"end":{"line":42,"column":2}},"loc":{"start":{"line":15,"column":31},"end":{"line":42,"column":2}},"line":15}},"f":{"0":12}}
,"D:\\OpenServer\\domains\\musk\\7-final\\1\\musk-frontend-final-1\\src\\types\\news.ts": {"path":"D:\\OpenServer\\domains\\musk\\7-final\\1\\musk-frontend-final-1\\src\\types\\news.ts","all":true,"statementMap":{},"s":{},"branchMap":{"0":{"type":"branch","line":1,"loc":{"start":{"line":1,"column":275},"end":{"line":13,"column":1}},"locations":[{"start":{"line":1,"column":275},"end":{"line":13,"column":1}}]}},"b":{"0":[1]},"fnMap":{"0":{"name":"(empty-report)","decl":{"start":{"line":1,"column":275},"end":{"line":13,"column":1}},"loc":{"start":{"line":1,"column":275},"end":{"line":13,"column":1}},"line":1}},"f":{"0":1}}
,"D:\\OpenServer\\domains\\musk\\7-final\\1\\musk-frontend-final-1\\src\\utils\\helpers.ts": {"path":"D:\\OpenServer\\domains\\musk\\7-final\\1\\musk-frontend-final-1\\src\\utils\\helpers.ts","all":false,"statementMap":{"0":{"start":{"line":1,"column":0},"end":{"line":1,"column":52}},"1":{"start":{"line":2,"column":0},"end":{"line":2,"column":61}},"2":{"start":{"line":3,"column":0},"end":{"line":3,"column":2}}},"s":{"0":1,"1":1,"2":1},"branchMap":{"0":{"type":"branch","line":1,"loc":{"start":{"line":1,"column":20},"end":{"line":3,"column":2}},"locations":[{"start":{"line":1,"column":20},"end":{"line":3,"column":2}}]},"1":{"type":"branch","line":2,"loc":{"start":{"line":2,"column":23},"end":{"line":2,"column":59}},"locations":[{"start":{"line":2,"column":23},"end":{"line":2,"column":59}}]}},"b":{"0":[1],"1":[1]},"fnMap":{"0":{"name":"wait","decl":{"start":{"line":1,"column":20},"end":{"line":3,"column":2}},"loc":{"start":{"line":1,"column":20},"end":{"line":3,"column":2}},"line":1}},"f":{"0":1}}
,"D:\\OpenServer\\domains\\musk\\7-final\\1\\musk-frontend-final-1\\src\\utils\\localStorage.ts": {"path":"D:\\OpenServer\\domains\\musk\\7-final\\1\\musk-frontend-final-1\\src\\utils\\localStorage.ts","all":false,"statementMap":{"2":{"start":{"line":3,"column":0},"end":{"line":3,"column":34}},"7":{"start":{"line":8,"column":0},"end":{"line":8,"column":48}},"8":{"start":{"line":9,"column":0},"end":{"line":9,"column":9}},"9":{"start":{"line":10,"column":0},"end":{"line":10,"column":35}},"10":{"start":{"line":11,"column":0},"end":{"line":11,"column":47}},"11":{"start":{"line":12,"column":0},"end":{"line":12,"column":41}},"12":{"start":{"line":13,"column":0},"end":{"line":13,"column":20}},"14":{"start":{"line":15,"column":0},"end":{"line":15,"column":17}},"15":{"start":{"line":16,"column":0},"end":{"line":16,"column":21}},"16":{"start":{"line":17,"column":0},"end":{"line":17,"column":5}},"17":{"start":{"line":18,"column":0},"end":{"line":18,"column":2}},"22":{"start":{"line":23,"column":0},"end":{"line":23,"column":54}},"23":{"start":{"line":24,"column":0},"end":{"line":24,"column":97}},"25":{"start":{"line":26,"column":0},"end":{"line":26,"column":35}},"26":{"start":{"line":27,"column":0},"end":{"line":27,"column":42}},"27":{"start":{"line":28,"column":0},"end":{"line":28,"column":65}},"28":{"start":{"line":29,"column":0},"end":{"line":29,"column":2}},"33":{"start":{"line":34,"column":0},"end":{"line":34,"column":46}},"34":{"start":{"line":35,"column":0},"end":{"line":35,"column":100}},"36":{"start":{"line":37,"column":0},"end":{"line":37,"column":55}},"37":{"start":{"line":38,"column":0},"end":{"line":38,"column":9}},"38":{"start":{"line":39,"column":0},"end":{"line":39,"column":48}},"40":{"start":{"line":41,"column":0},"end":{"line":41,"column":17}},"41":{"start":{"line":42,"column":0},"end":{"line":42,"column":65}},"42":{"start":{"line":43,"column":0},"end":{"line":43,"column":77}},"43":{"start":{"line":44,"column":0},"end":{"line":44,"column":5}},"44":{"start":{"line":45,"column":0},"end":{"line":45,"column":2}},"49":{"start":{"line":50,"column":0},"end":{"line":50,"column":53}},"50":{"start":{"line":51,"column":0},"end":{"line":51,"column":97}},"52":{"start":{"line":53,"column":0},"end":{"line":53,"column":64}},"53":{"start":{"line":54,"column":0},"end":{"line":54,"column":65}},"54":{"start":{"line":55,"column":0},"end":{"line":55,"column":2}}},"s":{"2":1,"7":1,"8":16,"9":16,"10":16,"11":16,"12":16,"14":16,"15":1,"16":1,"17":16,"22":1,"23":4,"25":3,"26":3,"27":3,"28":3,"33":1,"34":11,"36":11,"37":11,"38":11,"40":11,"41":1,"42":1,"43":1,"44":11,"49":1,"50":1,"52":1,"53":1,"54":1},"branchMap":{"0":{"type":"branch","line":8,"loc":{"start":{"line":8,"column":32},"end":{"line":18,"column":2}},"locations":[{"start":{"line":8,"column":32},"end":{"line":18,"column":2}}]},"1":{"type":"branch","line":15,"loc":{"start":{"line":15,"column":4},"end":{"line":17,"column":5}},"locations":[{"start":{"line":15,"column":4},"end":{"line":17,"column":5}}]},"2":{"type":"branch","line":23,"loc":{"start":{"line":23,"column":31},"end":{"line":29,"column":2}},"locations":[{"start":{"line":23,"column":31},"end":{"line":29,"column":2}}]},"3":{"type":"branch","line":24,"loc":{"start":{"line":24,"column":36},"end":{"line":24,"column":97}},"locations":[{"start":{"line":24,"column":36},"end":{"line":24,"column":97}}]},"4":{"type":"branch","line":24,"loc":{"start":{"line":24,"column":36},"end":{"line":29,"column":2}},"locations":[{"start":{"line":24,"column":36},"end":{"line":29,"column":2}}]},"5":{"type":"branch","line":34,"loc":{"start":{"line":34,"column":28},"end":{"line":45,"column":2}},"locations":[{"start":{"line":34,"column":28},"end":{"line":45,"column":2}}]},"6":{"type":"branch","line":35,"loc":{"start":{"line":35,"column":36},"end":{"line":35,"column":100}},"locations":[{"start":{"line":35,"column":36},"end":{"line":35,"column":100}}]},"7":{"type":"branch","line":39,"loc":{"start":{"line":39,"column":15},"end":{"line":39,"column":45}},"locations":[{"start":{"line":39,"column":15},"end":{"line":39,"column":45}}]},"8":{"type":"branch","line":39,"loc":{"start":{"line":39,"column":41},"end":{"line":39,"column":48}},"locations":[{"start":{"line":39,"column":41},"end":{"line":39,"column":48}}]},"9":{"type":"branch","line":41,"loc":{"start":{"line":41,"column":4},"end":{"line":44,"column":5}},"locations":[{"start":{"line":41,"column":4},"end":{"line":44,"column":5}}]},"10":{"type":"branch","line":50,"loc":{"start":{"line":50,"column":35},"end":{"line":55,"column":2}},"locations":[{"start":{"line":50,"column":35},"end":{"line":55,"column":2}}]},"11":{"type":"branch","line":51,"loc":{"start":{"line":51,"column":36},"end":{"line":51,"column":97}},"locations":[{"start":{"line":51,"column":36},"end":{"line":51,"column":97}}]},"12":{"type":"branch","line":53,"loc":{"start":{"line":53,"column":42},"end":{"line":53,"column":62}},"locations":[{"start":{"line":53,"column":42},"end":{"line":53,"column":62}}]}},"b":{"0":[16],"1":[1],"2":[4],"3":[1],"4":[3],"5":[11],"6":[0],"7":[5],"8":[6],"9":[1],"10":[1],"11":[0],"12":[2]},"fnMap":{"0":{"name":"isLocalStorageAvailable","decl":{"start":{"line":8,"column":32},"end":{"line":18,"column":2}},"loc":{"start":{"line":8,"column":32},"end":{"line":18,"column":2}},"line":8},"1":{"name":"saveToFavorites","decl":{"start":{"line":23,"column":31},"end":{"line":29,"column":2}},"loc":{"start":{"line":23,"column":31},"end":{"line":29,"column":2}},"line":23},"2":{"name":"getFavorites","decl":{"start":{"line":34,"column":28},"end":{"line":45,"column":2}},"loc":{"start":{"line":34,"column":28},"end":{"line":45,"column":2}},"line":34},"3":{"name":"removeFromFavorites","decl":{"start":{"line":50,"column":35},"end":{"line":55,"column":2}},"loc":{"start":{"line":50,"column":35},"end":{"line":55,"column":2}},"line":50}},"f":{"0":16,"1":4,"2":11,"3":1}}
}
