{"D:\\OpenServer\\domains\\musk\\7-final\\1\\musk-frontend-final-1\\src\\App.tsx": {"path":"D:\\OpenServer\\domains\\musk\\7-final\\1\\musk-frontend-final-1\\src\\App.tsx","all":true,"statementMap":{"0":{"start":{"line":1,"column":0},"end":{"line":1,"column":59}},"1":{"start":{"line":2,"column":0},"end":{"line":2,"column":40}},"2":{"start":{"line":3,"column":0},"end":{"line":3,"column":42}},"3":{"start":{"line":4,"column":0},"end":{"line":4,"column":41}},"4":{"start":{"line":5,"column":0},"end":{"line":5,"column":44}},"6":{"start":{"line":7,"column":0},"end":{"line":7,"column":16}},"7":{"start":{"line":8,"column":0},"end":{"line":8,"column":12}},"8":{"start":{"line":9,"column":0},"end":{"line":9,"column":104}},"9":{"start":{"line":10,"column":0},"end":{"line":10,"column":22}},"10":{"start":{"line":11,"column":0},"end":{"line":11,"column":20}},"11":{"start":{"line":12,"column":0},"end":{"line":12,"column":22}},"12":{"start":{"line":13,"column":0},"end":{"line":13,"column":28}},"13":{"start":{"line":14,"column":0},"end":{"line":14,"column":73}},"14":{"start":{"line":15,"column":0},"end":{"line":15,"column":18}},"15":{"start":{"line":16,"column":0},"end":{"line":16,"column":75}},"16":{"start":{"line":17,"column":0},"end":{"line":17,"column":67}},"17":{"start":{"line":18,"column":0},"end":{"line":18,"column":66}},"18":{"start":{"line":19,"column":0},"end":{"line":19,"column":21}},"19":{"start":{"line":20,"column":0},"end":{"line":20,"column":14}},"21":{"start":{"line":22,"column":0},"end":{"line":22,"column":1}},"23":{"start":{"line":24,"column":0},"end":{"line":24,"column":19}}},"s":{"0":0,"1":0,"2":0,"3":0,"4":0,"6":0,"7":0,"8":0,"9":0,"10":0,"11":0,"12":0,"13":0,"14":0,"15":0,"16":0,"17":0,"18":0,"19":0,"21":0,"23":0},"branchMap":{"0":{"type":"branch","line":1,"loc":{"start":{"line":1,"column":379},"end":{"line":24,"column":-448}},"locations":[{"start":{"line":1,"column":379},"end":{"line":24,"column":-448}}]}},"b":{"0":[0]},"fnMap":{"0":{"name":"(empty-report)","decl":{"start":{"line":1,"column":379},"end":{"line":24,"column":-448}},"loc":{"start":{"line":1,"column":379},"end":{"line":24,"column":-448}},"line":1}},"f":{"0":0}}
,"D:\\OpenServer\\domains\\musk\\7-final\\1\\musk-frontend-final-1\\src\\vite-env.d.ts": {"path":"D:\\OpenServer\\domains\\musk\\7-final\\1\\musk-frontend-final-1\\src\\vite-env.d.ts","all":true,"statementMap":{},"s":{},"branchMap":{"0":{"type":"branch","line":1,"loc":{"start":{"line":1,"column":37},"end":{"line":1,"column":37}},"locations":[{"start":{"line":1,"column":37},"end":{"line":1,"column":37}}]}},"b":{"0":[1]},"fnMap":{"0":{"name":"(empty-report)","decl":{"start":{"line":1,"column":37},"end":{"line":1,"column":37}},"loc":{"start":{"line":1,"column":37},"end":{"line":1,"column":37}},"line":1}},"f":{"0":1}}
,"D:\\OpenServer\\domains\\musk\\7-final\\1\\musk-frontend-final-1\\src\\components\\Navbar.tsx": {"path":"D:\\OpenServer\\domains\\musk\\7-final\\1\\musk-frontend-final-1\\src\\components\\Navbar.tsx","all":false,"statementMap":{"0":{"start":{"line":1,"column":0},"end":{"line":1,"column":33}},"1":{"start":{"line":2,"column":0},"end":{"line":2,"column":49}},"2":{"start":{"line":3,"column":0},"end":{"line":3,"column":49}},"3":{"start":{"line":4,"column":0},"end":{"line":4,"column":45}},"4":{"start":{"line":5,"column":0},"end":{"line":5,"column":45}},"5":{"start":{"line":6,"column":0},"end":{"line":6,"column":39}},"6":{"start":{"line":7,"column":0},"end":{"line":7,"column":41}},"7":{"start":{"line":8,"column":0},"end":{"line":8,"column":51}},"9":{"start":{"line":10,"column":0},"end":{"line":10,"column":20}},"10":{"start":{"line":11,"column":0},"end":{"line":11,"column":14}},"11":{"start":{"line":12,"column":0},"end":{"line":12,"column":13}},"12":{"start":{"line":13,"column":0},"end":{"line":13,"column":17}},"13":{"start":{"line":14,"column":0},"end":{"line":14,"column":15}},"14":{"start":{"line":15,"column":0},"end":{"line":15,"column":13}},"15":{"start":{"line":16,"column":0},"end":{"line":16,"column":20}},"16":{"start":{"line":17,"column":0},"end":{"line":17,"column":2}},"18":{"start":{"line":19,"column":0},"end":{"line":19,"column":22}},"19":{"start":{"line":20,"column":0},"end":{"line":20,"column":53}},"20":{"start":{"line":21,"column":0},"end":{"line":21,"column":46}},"22":{"start":{"line":23,"column":0},"end":{"line":23,"column":12}},"23":{"start":{"line":24,"column":0},"end":{"line":24,"column":111}},"24":{"start":{"line":25,"column":0},"end":{"line":25,"column":62}},"25":{"start":{"line":26,"column":0},"end":{"line":26,"column":31}},"26":{"start":{"line":27,"column":0},"end":{"line":27,"column":102}},"27":{"start":{"line":28,"column":0},"end":{"line":28,"column":110}},"29":{"start":{"line":30,"column":0},"end":{"line":30,"column":30}},"30":{"start":{"line":31,"column":0},"end":{"line":31,"column":110}},"32":{"start":{"line":33,"column":0},"end":{"line":33,"column":30}},"33":{"start":{"line":34,"column":0},"end":{"line":34,"column":26}},"34":{"start":{"line":35,"column":0},"end":{"line":35,"column":23}},"35":{"start":{"line":36,"column":0},"end":{"line":36,"column":42}},"36":{"start":{"line":37,"column":0},"end":{"line":37,"column":27}},"37":{"start":{"line":38,"column":0},"end":{"line":38,"column":58}},"38":{"start":{"line":39,"column":0},"end":{"line":39,"column":121}},"39":{"start":{"line":40,"column":0},"end":{"line":40,"column":44}},"41":{"start":{"line":42,"column":0},"end":{"line":42,"column":35}},"42":{"start":{"line":43,"column":0},"end":{"line":43,"column":32}},"43":{"start":{"line":44,"column":0},"end":{"line":44,"column":44}},"44":{"start":{"line":45,"column":0},"end":{"line":45,"column":40}},"45":{"start":{"line":46,"column":0},"end":{"line":46,"column":42}},"46":{"start":{"line":47,"column":0},"end":{"line":47,"column":43}},"47":{"start":{"line":48,"column":0},"end":{"line":48,"column":44}},"48":{"start":{"line":49,"column":0},"end":{"line":49,"column":30}},"50":{"start":{"line":51,"column":0},"end":{"line":51,"column":32}},"51":{"start":{"line":52,"column":0},"end":{"line":52,"column":45}},"52":{"start":{"line":53,"column":0},"end":{"line":53,"column":40}},"53":{"start":{"line":54,"column":0},"end":{"line":54,"column":42}},"54":{"start":{"line":55,"column":0},"end":{"line":55,"column":43}},"55":{"start":{"line":56,"column":0},"end":{"line":56,"column":44}},"56":{"start":{"line":57,"column":0},"end":{"line":57,"column":30}},"58":{"start":{"line":59,"column":0},"end":{"line":59,"column":29}},"59":{"start":{"line":60,"column":0},"end":{"line":60,"column":22}},"60":{"start":{"line":61,"column":0},"end":{"line":61,"column":18}},"61":{"start":{"line":62,"column":0},"end":{"line":62,"column":73}},"62":{"start":{"line":63,"column":0},"end":{"line":63,"column":230}},"63":{"start":{"line":64,"column":0},"end":{"line":64,"column":46}},"64":{"start":{"line":65,"column":0},"end":{"line":65,"column":32}},"65":{"start":{"line":66,"column":0},"end":{"line":66,"column":37}},"66":{"start":{"line":67,"column":0},"end":{"line":67,"column":51}},"67":{"start":{"line":68,"column":0},"end":{"line":68,"column":56}},"68":{"start":{"line":69,"column":0},"end":{"line":69,"column":40}},"69":{"start":{"line":70,"column":0},"end":{"line":70,"column":83}},"70":{"start":{"line":71,"column":0},"end":{"line":71,"column":72}},"72":{"start":{"line":73,"column":0},"end":{"line":73,"column":58}},"74":{"start":{"line":75,"column":0},"end":{"line":75,"column":72}},"75":{"start":{"line":76,"column":0},"end":{"line":76,"column":34}},"76":{"start":{"line":77,"column":0},"end":{"line":77,"column":23}},"77":{"start":{"line":78,"column":0},"end":{"line":78,"column":22}},"78":{"start":{"line":79,"column":0},"end":{"line":79,"column":18}},"80":{"start":{"line":81,"column":0},"end":{"line":81,"column":80}},"81":{"start":{"line":82,"column":0},"end":{"line":82,"column":24}},"82":{"start":{"line":83,"column":0},"end":{"line":83,"column":33}},"83":{"start":{"line":84,"column":0},"end":{"line":84,"column":48}},"84":{"start":{"line":85,"column":0},"end":{"line":85,"column":32}},"85":{"start":{"line":86,"column":0},"end":{"line":86,"column":75}},"86":{"start":{"line":87,"column":0},"end":{"line":87,"column":64}},"89":{"start":{"line":90,"column":0},"end":{"line":90,"column":61}},"90":{"start":{"line":91,"column":0},"end":{"line":91,"column":28}},"91":{"start":{"line":92,"column":0},"end":{"line":92,"column":43}},"92":{"start":{"line":93,"column":0},"end":{"line":93,"column":36}},"93":{"start":{"line":94,"column":0},"end":{"line":94,"column":38}},"94":{"start":{"line":95,"column":0},"end":{"line":95,"column":39}},"95":{"start":{"line":96,"column":0},"end":{"line":96,"column":40}},"96":{"start":{"line":97,"column":0},"end":{"line":97,"column":26}},"97":{"start":{"line":98,"column":0},"end":{"line":98,"column":72}},"98":{"start":{"line":99,"column":0},"end":{"line":99,"column":26}},"99":{"start":{"line":100,"column":0},"end":{"line":100,"column":26}},"100":{"start":{"line":101,"column":0},"end":{"line":101,"column":24}},"101":{"start":{"line":102,"column":0},"end":{"line":102,"column":35}},"102":{"start":{"line":103,"column":0},"end":{"line":103,"column":48}},"103":{"start":{"line":104,"column":0},"end":{"line":104,"column":32}},"104":{"start":{"line":105,"column":0},"end":{"line":105,"column":75}},"105":{"start":{"line":106,"column":0},"end":{"line":106,"column":64}},"108":{"start":{"line":109,"column":0},"end":{"line":109,"column":61}},"109":{"start":{"line":110,"column":0},"end":{"line":110,"column":28}},"110":{"start":{"line":111,"column":0},"end":{"line":111,"column":45}},"111":{"start":{"line":112,"column":0},"end":{"line":112,"column":36}},"112":{"start":{"line":113,"column":0},"end":{"line":113,"column":38}},"113":{"start":{"line":114,"column":0},"end":{"line":114,"column":39}},"114":{"start":{"line":115,"column":0},"end":{"line":115,"column":40}},"115":{"start":{"line":116,"column":0},"end":{"line":116,"column":26}},"116":{"start":{"line":117,"column":0},"end":{"line":117,"column":75}},"117":{"start":{"line":118,"column":0},"end":{"line":118,"column":26}},"118":{"start":{"line":119,"column":0},"end":{"line":119,"column":26}},"119":{"start":{"line":120,"column":0},"end":{"line":120,"column":18}},"120":{"start":{"line":121,"column":0},"end":{"line":121,"column":57}},"121":{"start":{"line":122,"column":0},"end":{"line":122,"column":78}},"122":{"start":{"line":123,"column":0},"end":{"line":123,"column":24}},"123":{"start":{"line":124,"column":0},"end":{"line":124,"column":39}},"124":{"start":{"line":125,"column":0},"end":{"line":125,"column":32}},"125":{"start":{"line":126,"column":0},"end":{"line":126,"column":34}},"126":{"start":{"line":127,"column":0},"end":{"line":127,"column":35}},"127":{"start":{"line":128,"column":0},"end":{"line":128,"column":36}},"128":{"start":{"line":129,"column":0},"end":{"line":129,"column":22}},"129":{"start":{"line":130,"column":0},"end":{"line":130,"column":25}},"130":{"start":{"line":131,"column":0},"end":{"line":131,"column":18}},"131":{"start":{"line":132,"column":0},"end":{"line":132,"column":14}},"133":{"start":{"line":134,"column":0},"end":{"line":134,"column":2}},"135":{"start":{"line":136,"column":0},"end":{"line":136,"column":22}}},"s":{"0":1,"1":1,"2":1,"3":1,"4":1,"5":1,"6":1,"7":1,"9":1,"10":1,"11":1,"12":1,"13":1,"14":1,"15":1,"16":1,"18":1,"19":4,"20":4,"22":4,"23":4,"24":4,"25":4,"26":4,"27":4,"29":4,"30":4,"32":4,"33":4,"34":4,"35":4,"36":4,"37":4,"38":4,"39":4,"41":4,"42":0,"43":0,"44":0,"45":0,"46":0,"47":0,"48":0,"50":4,"51":4,"52":4,"53":4,"54":4,"55":4,"56":4,"58":4,"59":4,"60":4,"61":4,"62":4,"63":4,"64":24,"65":24,"66":24,"67":24,"68":24,"69":0,"70":24,"72":24,"74":24,"75":24,"76":4,"77":4,"78":4,"80":4,"81":4,"82":4,"83":4,"84":4,"85":0,"86":4,"89":4,"90":4,"91":4,"92":4,"93":4,"94":4,"95":4,"96":4,"97":4,"98":4,"99":4,"100":4,"101":4,"102":4,"103":4,"104":0,"105":4,"108":4,"109":4,"110":4,"111":4,"112":4,"113":4,"114":4,"115":4,"116":4,"117":4,"118":4,"119":4,"120":4,"121":4,"122":4,"123":4,"124":4,"125":4,"126":4,"127":4,"128":4,"129":4,"130":4,"131":4,"133":4,"135":1},"branchMap":{"0":{"type":"branch","line":19,"loc":{"start":{"line":19,"column":15},"end":{"line":134,"column":2}},"locations":[{"start":{"line":19,"column":15},"end":{"line":134,"column":2}}]},"1":{"type":"branch","line":42,"loc":{"start":{"line":42,"column":25},"end":{"line":49,"column":30}},"locations":[{"start":{"line":42,"column":25},"end":{"line":49,"column":30}}]},"2":{"type":"branch","line":62,"loc":{"start":{"line":62,"column":28},"end":{"line":62,"column":54}},"locations":[{"start":{"line":62,"column":28},"end":{"line":62,"column":54}}]},"3":{"type":"branch","line":38,"loc":{"start":{"line":38,"column":33},"end":{"line":38,"column":58}},"locations":[{"start":{"line":38,"column":33},"end":{"line":38,"column":58}}]},"4":{"type":"branch","line":64,"loc":{"start":{"line":64,"column":36},"end":{"line":76,"column":34}},"locations":[{"start":{"line":64,"column":36},"end":{"line":76,"column":34}}]},"5":{"type":"branch","line":68,"loc":{"start":{"line":68,"column":39},"end":{"line":71,"column":72}},"locations":[{"start":{"line":68,"column":39},"end":{"line":71,"column":72}}]},"6":{"type":"branch","line":69,"loc":{"start":{"line":69,"column":32},"end":{"line":70,"column":83}},"locations":[{"start":{"line":69,"column":32},"end":{"line":70,"column":83}}]},"7":{"type":"branch","line":73,"loc":{"start":{"line":73,"column":37},"end":{"line":73,"column":58}},"locations":[{"start":{"line":73,"column":37},"end":{"line":73,"column":58}}]},"8":{"type":"branch","line":84,"loc":{"start":{"line":84,"column":31},"end":{"line":87,"column":64}},"locations":[{"start":{"line":84,"column":31},"end":{"line":87,"column":64}}]},"9":{"type":"branch","line":85,"loc":{"start":{"line":85,"column":24},"end":{"line":86,"column":75}},"locations":[{"start":{"line":85,"column":24},"end":{"line":86,"column":75}}]},"10":{"type":"branch","line":103,"loc":{"start":{"line":103,"column":31},"end":{"line":106,"column":64}},"locations":[{"start":{"line":103,"column":31},"end":{"line":106,"column":64}}]},"11":{"type":"branch","line":104,"loc":{"start":{"line":104,"column":24},"end":{"line":105,"column":75}},"locations":[{"start":{"line":104,"column":24},"end":{"line":105,"column":75}}]}},"b":{"0":[4],"1":[0],"2":[0],"3":[1],"4":[24],"5":[24],"6":[0],"7":[1],"8":[4],"9":[0],"10":[4],"11":[0]},"fnMap":{"0":{"name":"Navbar","decl":{"start":{"line":19,"column":15},"end":{"line":134,"column":2}},"loc":{"start":{"line":19,"column":15},"end":{"line":134,"column":2}},"line":19},"1":{"name":"onClick","decl":{"start":{"line":38,"column":33},"end":{"line":38,"column":58}},"loc":{"start":{"line":38,"column":33},"end":{"line":38,"column":58}},"line":38},"2":{"name":"className","decl":{"start":{"line":68,"column":39},"end":{"line":71,"column":72}},"loc":{"start":{"line":68,"column":39},"end":{"line":71,"column":72}},"line":68},"3":{"name":"onClick","decl":{"start":{"line":73,"column":37},"end":{"line":73,"column":58}},"loc":{"start":{"line":73,"column":37},"end":{"line":73,"column":58}},"line":73},"4":{"name":"className","decl":{"start":{"line":84,"column":31},"end":{"line":87,"column":64}},"loc":{"start":{"line":84,"column":31},"end":{"line":87,"column":64}},"line":84},"5":{"name":"className","decl":{"start":{"line":103,"column":31},"end":{"line":106,"column":64}},"loc":{"start":{"line":103,"column":31},"end":{"line":106,"column":64}},"line":103},"6":{"name":"onClick","decl":{"start":{"line":122,"column":46},"end":{"line":122,"column":78}},"loc":{"start":{"line":122,"column":46},"end":{"line":122,"column":78}},"line":122}},"f":{"0":4,"1":1,"2":24,"3":1,"4":4,"5":4,"6":0}}
,"D:\\OpenServer\\domains\\musk\\7-final\\1\\musk-frontend-final-1\\src\\components\\NewsCard.tsx": {"path":"D:\\OpenServer\\domains\\musk\\7-final\\1\\musk-frontend-final-1\\src\\components\\NewsCard.tsx","all":false,"statementMap":{"1":{"start":{"line":2,"column":0},"end":{"line":2,"column":49}},"9":{"start":{"line":10,"column":0},"end":{"line":10,"column":80}},"10":{"start":{"line":11,"column":0},"end":{"line":11,"column":27}},"11":{"start":{"line":12,"column":0},"end":{"line":12,"column":24}},"12":{"start":{"line":13,"column":0},"end":{"line":13,"column":6}},"14":{"start":{"line":15,"column":0},"end":{"line":15,"column":12}},"15":{"start":{"line":16,"column":0},"end":{"line":16,"column":110}},"16":{"start":{"line":17,"column":0},"end":{"line":17,"column":36}},"17":{"start":{"line":18,"column":0},"end":{"line":18,"column":20}},"18":{"start":{"line":19,"column":0},"end":{"line":19,"column":44}},"19":{"start":{"line":20,"column":0},"end":{"line":20,"column":39}},"20":{"start":{"line":21,"column":0},"end":{"line":21,"column":47}},"21":{"start":{"line":22,"column":0},"end":{"line":22,"column":37}},"22":{"start":{"line":23,"column":0},"end":{"line":23,"column":18}},"24":{"start":{"line":25,"column":0},"end":{"line":25,"column":70}},"25":{"start":{"line":26,"column":0},"end":{"line":26,"column":68}},"26":{"start":{"line":27,"column":0},"end":{"line":27,"column":68}},"27":{"start":{"line":28,"column":0},"end":{"line":28,"column":16}},"28":{"start":{"line":29,"column":0},"end":{"line":29,"column":65}},"29":{"start":{"line":30,"column":0},"end":{"line":30,"column":16}},"30":{"start":{"line":31,"column":0},"end":{"line":31,"column":66}},"31":{"start":{"line":32,"column":0},"end":{"line":32,"column":45}},"33":{"start":{"line":34,"column":0},"end":{"line":34,"column":18}},"34":{"start":{"line":35,"column":0},"end":{"line":35,"column":38}},"35":{"start":{"line":36,"column":0},"end":{"line":36,"column":35}},"36":{"start":{"line":37,"column":0},"end":{"line":37,"column":64}},"37":{"start":{"line":38,"column":0},"end":{"line":38,"column":17}},"39":{"start":{"line":40,"column":0},"end":{"line":40,"column":20}},"41":{"start":{"line":42,"column":0},"end":{"line":42,"column":23}},"42":{"start":{"line":43,"column":0},"end":{"line":43,"column":37}},"43":{"start":{"line":44,"column":0},"end":{"line":44,"column":49}},"44":{"start":{"line":45,"column":0},"end":{"line":45,"column":34}},"45":{"start":{"line":46,"column":0},"end":{"line":46,"column":62}},"46":{"start":{"line":47,"column":0},"end":{"line":47,"column":64}},"47":{"start":{"line":48,"column":0},"end":{"line":48,"column":24}},"49":{"start":{"line":50,"column":0},"end":{"line":50,"column":79}},"50":{"start":{"line":51,"column":0},"end":{"line":51,"column":25}},"51":{"start":{"line":52,"column":0},"end":{"line":52,"column":18}},"52":{"start":{"line":53,"column":0},"end":{"line":53,"column":53}},"53":{"start":{"line":54,"column":0},"end":{"line":54,"column":32}},"54":{"start":{"line":55,"column":0},"end":{"line":55,"column":24}},"55":{"start":{"line":56,"column":0},"end":{"line":56,"column":41}},"56":{"start":{"line":57,"column":0},"end":{"line":57,"column":32}},"57":{"start":{"line":58,"column":0},"end":{"line":58,"column":34}},"58":{"start":{"line":59,"column":0},"end":{"line":59,"column":35}},"59":{"start":{"line":60,"column":0},"end":{"line":60,"column":85}},"60":{"start":{"line":61,"column":0},"end":{"line":61,"column":50}},"61":{"start":{"line":62,"column":0},"end":{"line":62,"column":22}},"63":{"start":{"line":64,"column":0},"end":{"line":64,"column":18}},"64":{"start":{"line":65,"column":0},"end":{"line":65,"column":14}},"66":{"start":{"line":67,"column":0},"end":{"line":67,"column":2}},"68":{"start":{"line":69,"column":0},"end":{"line":69,"column":24}}},"s":{"1":1,"9":1,"10":8,"11":2,"12":2,"14":8,"15":8,"16":8,"17":7,"18":7,"19":7,"20":7,"21":7,"22":7,"24":8,"25":8,"26":8,"27":8,"28":8,"29":8,"30":8,"31":8,"33":8,"34":8,"35":8,"36":8,"37":8,"39":8,"41":8,"42":8,"43":8,"44":8,"45":2,"46":6,"47":8,"49":8,"50":8,"51":8,"52":8,"53":8,"54":2,"55":2,"56":2,"57":2,"58":2,"59":2,"60":2,"61":2,"63":8,"64":8,"66":8,"68":1},"branchMap":{"0":{"type":"branch","line":10,"loc":{"start":{"line":10,"column":34},"end":{"line":67,"column":2}},"locations":[{"start":{"line":10,"column":34},"end":{"line":67,"column":2}}]},"1":{"type":"branch","line":17,"loc":{"start":{"line":17,"column":21},"end":{"line":23,"column":18}},"locations":[{"start":{"line":17,"column":21},"end":{"line":23,"column":18}}]},"2":{"type":"branch","line":45,"loc":{"start":{"line":45,"column":24},"end":{"line":46,"column":62}},"locations":[{"start":{"line":45,"column":24},"end":{"line":46,"column":62}}]},"3":{"type":"branch","line":46,"loc":{"start":{"line":46,"column":30},"end":{"line":47,"column":64}},"locations":[{"start":{"line":46,"column":30},"end":{"line":47,"column":64}}]},"4":{"type":"branch","line":50,"loc":{"start":{"line":50,"column":21},"end":{"line":50,"column":60}},"locations":[{"start":{"line":50,"column":21},"end":{"line":50,"column":60}}]},"5":{"type":"branch","line":50,"loc":{"start":{"line":50,"column":34},"end":{"line":50,"column":79}},"locations":[{"start":{"line":50,"column":34},"end":{"line":50,"column":79}}]},"6":{"type":"branch","line":54,"loc":{"start":{"line":54,"column":17},"end":{"line":62,"column":22}},"locations":[{"start":{"line":54,"column":17},"end":{"line":62,"column":22}}]},"7":{"type":"branch","line":11,"loc":{"start":{"line":11,"column":20},"end":{"line":13,"column":6}},"locations":[{"start":{"line":11,"column":20},"end":{"line":13,"column":6}}]}},"b":{"0":[8],"1":[7],"2":[2],"3":[6],"4":[2],"5":[6],"6":[2],"7":[2]},"fnMap":{"0":{"name":"NewsCard","decl":{"start":{"line":10,"column":34},"end":{"line":67,"column":2}},"loc":{"start":{"line":10,"column":34},"end":{"line":67,"column":2}},"line":10},"1":{"name":"onClick","decl":{"start":{"line":11,"column":20},"end":{"line":13,"column":6}},"loc":{"start":{"line":11,"column":20},"end":{"line":13,"column":6}},"line":11}},"f":{"0":8,"1":2}}
,"D:\\OpenServer\\domains\\musk\\7-final\\1\\musk-frontend-final-1\\src\\components\\NewsCardSkeleton.tsx": {"path":"D:\\OpenServer\\domains\\musk\\7-final\\1\\musk-frontend-final-1\\src\\components\\NewsCardSkeleton.tsx","all":false,"statementMap":{"0":{"start":{"line":1,"column":0},"end":{"line":1,"column":32}},"1":{"start":{"line":2,"column":0},"end":{"line":2,"column":12}},"2":{"start":{"line":3,"column":0},"end":{"line":3,"column":12}},"3":{"start":{"line":4,"column":0},"end":{"line":4,"column":88}},"4":{"start":{"line":5,"column":0},"end":{"line":5,"column":28}},"6":{"start":{"line":7,"column":0},"end":{"line":7,"column":92}},"7":{"start":{"line":8,"column":0},"end":{"line":8,"column":87}},"8":{"start":{"line":9,"column":0},"end":{"line":9,"column":87}},"9":{"start":{"line":10,"column":0},"end":{"line":10,"column":88}},"10":{"start":{"line":11,"column":0},"end":{"line":11,"column":63}},"11":{"start":{"line":12,"column":0},"end":{"line":12,"column":85}},"12":{"start":{"line":13,"column":0},"end":{"line":13,"column":85}},"13":{"start":{"line":14,"column":0},"end":{"line":14,"column":18}},"14":{"start":{"line":15,"column":0},"end":{"line":15,"column":14}},"16":{"start":{"line":17,"column":0},"end":{"line":17,"column":2}},"18":{"start":{"line":19,"column":0},"end":{"line":19,"column":32}}},"s":{"0":1,"1":12,"2":12,"3":12,"4":12,"6":12,"7":12,"8":12,"9":12,"10":12,"11":12,"12":12,"13":12,"14":12,"16":12,"18":1},"branchMap":{"0":{"type":"branch","line":1,"loc":{"start":{"line":1,"column":25},"end":{"line":17,"column":2}},"locations":[{"start":{"line":1,"column":25},"end":{"line":17,"column":2}}]}},"b":{"0":[12]},"fnMap":{"0":{"name":"NewsCardSkeleton","decl":{"start":{"line":1,"column":25},"end":{"line":17,"column":2}},"loc":{"start":{"line":1,"column":25},"end":{"line":17,"column":2}},"line":1}},"f":{"0":12}}
,"D:\\OpenServer\\domains\\musk\\7-final\\1\\musk-frontend-final-1\\src\\hooks\\useDarkMode.ts": {"path":"D:\\OpenServer\\domains\\musk\\7-final\\1\\musk-frontend-final-1\\src\\hooks\\useDarkMode.ts","all":false,"statementMap":{"0":{"start":{"line":1,"column":0},"end":{"line":1,"column":44}},"2":{"start":{"line":3,"column":0},"end":{"line":3,"column":40}},"3":{"start":{"line":4,"column":0},"end":{"line":4,"column":40}},"4":{"start":{"line":5,"column":0},"end":{"line":5,"column":57}},"5":{"start":{"line":6,"column":0},"end":{"line":6,"column":47}},"6":{"start":{"line":7,"column":0},"end":{"line":7,"column":49}},"7":{"start":{"line":8,"column":0},"end":{"line":8,"column":73}},"8":{"start":{"line":9,"column":0},"end":{"line":9,"column":5}},"9":{"start":{"line":10,"column":0},"end":{"line":10,"column":17}},"10":{"start":{"line":11,"column":0},"end":{"line":11,"column":2}},"12":{"start":{"line":13,"column":0},"end":{"line":13,"column":34}},"13":{"start":{"line":14,"column":0},"end":{"line":14,"column":58}},"15":{"start":{"line":16,"column":0},"end":{"line":16,"column":21}},"16":{"start":{"line":17,"column":0},"end":{"line":17,"column":53}},"17":{"start":{"line":18,"column":0},"end":{"line":18,"column":21}},"18":{"start":{"line":19,"column":0},"end":{"line":19,"column":39}},"19":{"start":{"line":20,"column":0},"end":{"line":20,"column":50}},"20":{"start":{"line":21,"column":0},"end":{"line":21,"column":16}},"21":{"start":{"line":22,"column":0},"end":{"line":22,"column":42}},"22":{"start":{"line":23,"column":0},"end":{"line":23,"column":51}},"23":{"start":{"line":24,"column":0},"end":{"line":24,"column":9}},"24":{"start":{"line":25,"column":0},"end":{"line":25,"column":17}},"26":{"start":{"line":27,"column":0},"end":{"line":27,"column":40}},"27":{"start":{"line":28,"column":0},"end":{"line":28,"column":2}}},"s":{"0":1,"2":1,"3":4,"4":4,"5":4,"6":4,"7":1,"8":1,"9":0,"10":0,"12":1,"13":6,"15":6,"16":6,"17":6,"18":3,"19":3,"20":3,"21":3,"22":3,"23":3,"24":6,"26":6,"27":6},"branchMap":{"0":{"type":"branch","line":3,"loc":{"start":{"line":3,"column":24},"end":{"line":11,"column":2}},"locations":[{"start":{"line":3,"column":24},"end":{"line":11,"column":2}}]},"1":{"type":"branch","line":6,"loc":{"start":{"line":6,"column":35},"end":{"line":6,"column":47}},"locations":[{"start":{"line":6,"column":35},"end":{"line":6,"column":47}}]},"2":{"type":"branch","line":6,"loc":{"start":{"line":6,"column":42},"end":{"line":7,"column":43}},"locations":[{"start":{"line":6,"column":42},"end":{"line":7,"column":43}}]},"3":{"type":"branch","line":7,"loc":{"start":{"line":7,"column":36},"end":{"line":7,"column":49}},"locations":[{"start":{"line":7,"column":36},"end":{"line":7,"column":49}}]},"4":{"type":"branch","line":7,"loc":{"start":{"line":7,"column":43},"end":{"line":9,"column":5}},"locations":[{"start":{"line":7,"column":43},"end":{"line":9,"column":5}}]},"5":{"type":"branch","line":9,"loc":{"start":{"line":9,"column":4},"end":{"line":11,"column":2}},"locations":[{"start":{"line":9,"column":4},"end":{"line":11,"column":2}}]},"6":{"type":"branch","line":13,"loc":{"start":{"line":13,"column":27},"end":{"line":28,"column":2}},"locations":[{"start":{"line":13,"column":27},"end":{"line":28,"column":2}}]},"7":{"type":"branch","line":16,"loc":{"start":{"line":16,"column":14},"end":{"line":25,"column":7}},"locations":[{"start":{"line":16,"column":14},"end":{"line":25,"column":7}}]},"8":{"type":"branch","line":18,"loc":{"start":{"line":18,"column":20},"end":{"line":24,"column":9}},"locations":[{"start":{"line":18,"column":20},"end":{"line":24,"column":9}}]}},"b":{"0":[4],"1":[1],"2":[3],"3":[2],"4":[1],"5":[0],"6":[6],"7":[6],"8":[3]},"fnMap":{"0":{"name":"getInitialTheme","decl":{"start":{"line":3,"column":24},"end":{"line":11,"column":2}},"loc":{"start":{"line":3,"column":24},"end":{"line":11,"column":2}},"line":3},"1":{"name":"useDarkMode","decl":{"start":{"line":13,"column":27},"end":{"line":28,"column":2}},"loc":{"start":{"line":13,"column":27},"end":{"line":28,"column":2}},"line":13}},"f":{"0":4,"1":6}}
,"D:\\OpenServer\\domains\\musk\\7-final\\1\\musk-frontend-final-1\\src\\pages\\Category.tsx": {"path":"D:\\OpenServer\\domains\\musk\\7-final\\1\\musk-frontend-final-1\\src\\pages\\Category.tsx","all":false,"statementMap":{"0":{"start":{"line":1,"column":0},"end":{"line":1,"column":44}},"1":{"start":{"line":2,"column":0},"end":{"line":2,"column":45}},"2":{"start":{"line":3,"column":0},"end":{"line":3,"column":54}},"4":{"start":{"line":5,"column":0},"end":{"line":5,"column":46}},"5":{"start":{"line":6,"column":0},"end":{"line":6,"column":59}},"6":{"start":{"line":7,"column":0},"end":{"line":7,"column":62}},"8":{"start":{"line":9,"column":0},"end":{"line":9,"column":24}},"9":{"start":{"line":10,"column":0},"end":{"line":10,"column":37}},"10":{"start":{"line":11,"column":0},"end":{"line":11,"column":60}},"11":{"start":{"line":12,"column":0},"end":{"line":12,"column":21}},"12":{"start":{"line":13,"column":0},"end":{"line":13,"column":22}},"13":{"start":{"line":14,"column":0},"end":{"line":14,"column":50}},"15":{"start":{"line":16,"column":0},"end":{"line":16,"column":21}},"16":{"start":{"line":17,"column":0},"end":{"line":17,"column":37}},"17":{"start":{"line":18,"column":0},"end":{"line":18,"column":27}},"18":{"start":{"line":19,"column":0},"end":{"line":19,"column":33}},"19":{"start":{"line":20,"column":0},"end":{"line":20,"column":56}},"20":{"start":{"line":21,"column":0},"end":{"line":21,"column":38}},"21":{"start":{"line":22,"column":0},"end":{"line":22,"column":54}},"22":{"start":{"line":23,"column":0},"end":{"line":23,"column":13}},"23":{"start":{"line":24,"column":0},"end":{"line":24,"column":10}},"24":{"start":{"line":25,"column":0},"end":{"line":25,"column":24}},"25":{"start":{"line":26,"column":0},"end":{"line":26,"column":19}},"27":{"start":{"line":28,"column":0},"end":{"line":28,"column":62}},"29":{"start":{"line":30,"column":0},"end":{"line":30,"column":35}},"30":{"start":{"line":31,"column":0},"end":{"line":31,"column":55}},"31":{"start":{"line":32,"column":0},"end":{"line":32,"column":6}},"33":{"start":{"line":34,"column":0},"end":{"line":34,"column":21}},"34":{"start":{"line":35,"column":0},"end":{"line":35,"column":26}},"35":{"start":{"line":36,"column":0},"end":{"line":36,"column":11}},"37":{"start":{"line":38,"column":0},"end":{"line":38,"column":57}},"38":{"start":{"line":39,"column":0},"end":{"line":39,"column":59}},"39":{"start":{"line":40,"column":0},"end":{"line":40,"column":26}},"40":{"start":{"line":41,"column":0},"end":{"line":41,"column":6}},"42":{"start":{"line":43,"column":0},"end":{"line":43,"column":55}},"43":{"start":{"line":44,"column":0},"end":{"line":44,"column":51}},"44":{"start":{"line":45,"column":0},"end":{"line":45,"column":26}},"45":{"start":{"line":46,"column":0},"end":{"line":46,"column":6}},"47":{"start":{"line":48,"column":0},"end":{"line":48,"column":49}},"48":{"start":{"line":49,"column":0},"end":{"line":49,"column":66}},"49":{"start":{"line":50,"column":0},"end":{"line":50,"column":6}},"51":{"start":{"line":52,"column":0},"end":{"line":52,"column":12}},"52":{"start":{"line":53,"column":0},"end":{"line":53,"column":29}},"53":{"start":{"line":54,"column":0},"end":{"line":54,"column":82}},"54":{"start":{"line":55,"column":0},"end":{"line":55,"column":24}},"55":{"start":{"line":56,"column":0},"end":{"line":56,"column":30}},"56":{"start":{"line":57,"column":0},"end":{"line":57,"column":34}},"57":{"start":{"line":58,"column":0},"end":{"line":58,"column":70}},"58":{"start":{"line":59,"column":0},"end":{"line":59,"column":52}},"59":{"start":{"line":60,"column":0},"end":{"line":60,"column":52}},"60":{"start":{"line":61,"column":0},"end":{"line":61,"column":39}},"61":{"start":{"line":62,"column":0},"end":{"line":62,"column":43}},"62":{"start":{"line":63,"column":0},"end":{"line":63,"column":51}},"63":{"start":{"line":64,"column":0},"end":{"line":64,"column":79}},"64":{"start":{"line":65,"column":0},"end":{"line":65,"column":44}},"65":{"start":{"line":66,"column":0},"end":{"line":66,"column":32}},"67":{"start":{"line":68,"column":0},"end":{"line":68,"column":39}},"68":{"start":{"line":69,"column":0},"end":{"line":69,"column":43}},"69":{"start":{"line":70,"column":0},"end":{"line":70,"column":51}},"70":{"start":{"line":71,"column":0},"end":{"line":71,"column":77}},"71":{"start":{"line":72,"column":0},"end":{"line":72,"column":32}},"73":{"start":{"line":74,"column":0},"end":{"line":74,"column":24}},"74":{"start":{"line":75,"column":0},"end":{"line":75,"column":18}},"75":{"start":{"line":76,"column":0},"end":{"line":76,"column":14}},"77":{"start":{"line":78,"column":0},"end":{"line":78,"column":2}},"79":{"start":{"line":80,"column":0},"end":{"line":80,"column":24}}},"s":{"0":1,"1":1,"2":1,"4":1,"5":1,"6":1,"8":1,"9":7,"10":7,"11":7,"12":7,"13":7,"15":7,"16":2,"17":2,"18":2,"19":2,"20":2,"21":2,"22":2,"23":2,"24":2,"25":7,"27":7,"29":7,"30":3,"31":3,"33":7,"34":2,"35":7,"37":7,"38":0,"39":0,"40":0,"42":7,"43":1,"44":1,"45":1,"47":7,"48":3,"49":3,"51":7,"52":7,"53":7,"54":7,"55":2,"56":2,"57":2,"58":5,"59":3,"60":0,"61":0,"62":0,"63":0,"64":0,"65":0,"67":3,"68":3,"69":3,"70":3,"71":3,"73":5,"74":7,"75":7,"77":7,"79":1},"branchMap":{"0":{"type":"branch","line":9,"loc":{"start":{"line":9,"column":17},"end":{"line":78,"column":2}},"locations":[{"start":{"line":9,"column":17},"end":{"line":78,"column":2}}]},"1":{"type":"branch","line":55,"loc":{"start":{"line":55,"column":17},"end":{"line":58,"column":70}},"locations":[{"start":{"line":55,"column":17},"end":{"line":58,"column":70}}]},"2":{"type":"branch","line":58,"loc":{"start":{"line":58,"column":69},"end":{"line":74,"column":24}},"locations":[{"start":{"line":58,"column":69},"end":{"line":74,"column":24}}]},"3":{"type":"branch","line":16,"loc":{"start":{"line":16,"column":14},"end":{"line":26,"column":7}},"locations":[{"start":{"line":16,"column":14},"end":{"line":26,"column":7}}]},"4":{"type":"branch","line":17,"loc":{"start":{"line":17,"column":30},"end":{"line":24,"column":10}},"locations":[{"start":{"line":17,"column":30},"end":{"line":24,"column":10}}]},"5":{"type":"branch","line":22,"loc":{"start":{"line":22,"column":29},"end":{"line":22,"column":52}},"locations":[{"start":{"line":22,"column":29},"end":{"line":22,"column":52}}]},"6":{"type":"branch","line":30,"loc":{"start":{"line":30,"column":28},"end":{"line":32,"column":6}},"locations":[{"start":{"line":30,"column":28},"end":{"line":32,"column":6}}]},"7":{"type":"branch","line":34,"loc":{"start":{"line":34,"column":14},"end":{"line":36,"column":7}},"locations":[{"start":{"line":34,"column":14},"end":{"line":36,"column":7}}]},"8":{"type":"branch","line":43,"loc":{"start":{"line":43,"column":32},"end":{"line":46,"column":6}},"locations":[{"start":{"line":43,"column":32},"end":{"line":46,"column":6}}]},"9":{"type":"branch","line":48,"loc":{"start":{"line":48,"column":26},"end":{"line":50,"column":6}},"locations":[{"start":{"line":48,"column":26},"end":{"line":50,"column":6}}]},"10":{"type":"branch","line":58,"loc":{"start":{"line":58,"column":31},"end":{"line":58,"column":69}},"locations":[{"start":{"line":58,"column":31},"end":{"line":58,"column":69}}]},"11":{"type":"branch","line":59,"loc":{"start":{"line":59,"column":35},"end":{"line":72,"column":32}},"locations":[{"start":{"line":59,"column":35},"end":{"line":72,"column":32}}]},"12":{"type":"branch","line":60,"loc":{"start":{"line":60,"column":47},"end":{"line":66,"column":32}},"locations":[{"start":{"line":60,"column":47},"end":{"line":66,"column":32}}]},"13":{"type":"branch","line":71,"loc":{"start":{"line":71,"column":42},"end":{"line":71,"column":77}},"locations":[{"start":{"line":71,"column":42},"end":{"line":71,"column":77}}]}},"b":{"0":[7],"1":[2],"2":[5],"3":[2],"4":[2],"5":[2],"6":[3],"7":[2],"8":[1],"9":[3],"10":[12],"11":[3],"12":[0],"13":[1]},"fnMap":{"0":{"name":"Category","decl":{"start":{"line":9,"column":17},"end":{"line":78,"column":2}},"loc":{"start":{"line":9,"column":17},"end":{"line":78,"column":2}},"line":9},"1":{"name":"fetchArticles","decl":{"start":{"line":17,"column":30},"end":{"line":24,"column":10}},"loc":{"start":{"line":17,"column":30},"end":{"line":24,"column":10}},"line":17},"2":{"name":"updateFavorites","decl":{"start":{"line":30,"column":28},"end":{"line":32,"column":6}},"loc":{"start":{"line":30,"column":28},"end":{"line":32,"column":6}},"line":30},"3":{"name":"handleRemoveFavorites","decl":{"start":{"line":38,"column":34},"end":{"line":41,"column":6}},"loc":{"start":{"line":38,"column":34},"end":{"line":41,"column":6}},"line":38},"4":{"name":"handleSaveFavorites","decl":{"start":{"line":43,"column":32},"end":{"line":46,"column":6}},"loc":{"start":{"line":43,"column":32},"end":{"line":46,"column":6}},"line":43},"5":{"name":"isInFavorites","decl":{"start":{"line":48,"column":26},"end":{"line":50,"column":6}},"loc":{"start":{"line":48,"column":26},"end":{"line":50,"column":6}},"line":48},"6":{"name":"onSave","decl":{"start":{"line":64,"column":42},"end":{"line":64,"column":79}},"loc":{"start":{"line":64,"column":42},"end":{"line":64,"column":79}},"line":64},"7":{"name":"onSave","decl":{"start":{"line":71,"column":42},"end":{"line":71,"column":77}},"loc":{"start":{"line":71,"column":42},"end":{"line":71,"column":77}},"line":71}},"f":{"0":7,"1":2,"2":3,"3":0,"4":1,"5":3,"6":0,"7":1}}
,"D:\\OpenServer\\domains\\musk\\7-final\\1\\musk-frontend-final-1\\src\\pages\\Favorites.tsx": {"path":"D:\\OpenServer\\domains\\musk\\7-final\\1\\musk-frontend-final-1\\src\\pages\\Favorites.tsx","all":true,"statementMap":{"0":{"start":{"line":1,"column":0},"end":{"line":1,"column":44}},"2":{"start":{"line":3,"column":0},"end":{"line":3,"column":74}},"3":{"start":{"line":4,"column":0},"end":{"line":4,"column":46}},"5":{"start":{"line":6,"column":0},"end":{"line":6,"column":25}},"6":{"start":{"line":7,"column":0},"end":{"line":7,"column":62}},"8":{"start":{"line":9,"column":0},"end":{"line":9,"column":21}},"9":{"start":{"line":10,"column":0},"end":{"line":10,"column":37}},"10":{"start":{"line":11,"column":0},"end":{"line":11,"column":11}},"12":{"start":{"line":13,"column":0},"end":{"line":13,"column":43}},"13":{"start":{"line":14,"column":0},"end":{"line":14,"column":33}},"14":{"start":{"line":15,"column":0},"end":{"line":15,"column":37}},"15":{"start":{"line":16,"column":0},"end":{"line":16,"column":6}},"17":{"start":{"line":18,"column":0},"end":{"line":18,"column":12}},"18":{"start":{"line":19,"column":0},"end":{"line":19,"column":82}},"19":{"start":{"line":20,"column":0},"end":{"line":20,"column":37}},"20":{"start":{"line":21,"column":0},"end":{"line":21,"column":49}},"21":{"start":{"line":22,"column":0},"end":{"line":22,"column":29}},"22":{"start":{"line":23,"column":0},"end":{"line":23,"column":33}},"23":{"start":{"line":24,"column":0},"end":{"line":24,"column":41}},"24":{"start":{"line":25,"column":0},"end":{"line":25,"column":64}},"25":{"start":{"line":26,"column":0},"end":{"line":26,"column":34}},"26":{"start":{"line":27,"column":0},"end":{"line":27,"column":22}},"27":{"start":{"line":28,"column":0},"end":{"line":28,"column":18}},"29":{"start":{"line":30,"column":0},"end":{"line":30,"column":57}},"31":{"start":{"line":32,"column":0},"end":{"line":32,"column":20}},"33":{"start":{"line":34,"column":0},"end":{"line":34,"column":14}},"35":{"start":{"line":36,"column":0},"end":{"line":36,"column":2}},"37":{"start":{"line":38,"column":0},"end":{"line":38,"column":25}}},"s":{"0":0,"2":0,"3":0,"5":0,"6":0,"8":0,"9":0,"10":0,"12":0,"13":0,"14":0,"15":0,"17":0,"18":0,"19":0,"20":0,"21":0,"22":0,"23":0,"24":0,"25":0,"26":0,"27":0,"29":0,"31":0,"33":0,"35":0,"37":0},"branchMap":{"0":{"type":"branch","line":1,"loc":{"start":{"line":1,"column":721},"end":{"line":38,"column":-338}},"locations":[{"start":{"line":1,"column":721},"end":{"line":38,"column":-338}}]}},"b":{"0":[0]},"fnMap":{"0":{"name":"(empty-report)","decl":{"start":{"line":1,"column":721},"end":{"line":38,"column":-338}},"loc":{"start":{"line":1,"column":721},"end":{"line":38,"column":-338}},"line":1}},"f":{"0":0}}
,"D:\\OpenServer\\domains\\musk\\7-final\\1\\musk-frontend-final-1\\src\\pages\\FilterPage.tsx": {"path":"D:\\OpenServer\\domains\\musk\\7-final\\1\\musk-frontend-final-1\\src\\pages\\FilterPage.tsx","all":true,"statementMap":{"0":{"start":{"line":1,"column":0},"end":{"line":1,"column":54}},"2":{"start":{"line":3,"column":0},"end":{"line":3,"column":46}},"3":{"start":{"line":4,"column":0},"end":{"line":4,"column":56}},"4":{"start":{"line":5,"column":0},"end":{"line":5,"column":74}},"5":{"start":{"line":6,"column":0},"end":{"line":6,"column":62}},"6":{"start":{"line":7,"column":0},"end":{"line":7,"column":26}},"7":{"start":{"line":8,"column":0},"end":{"line":8,"column":44}},"9":{"start":{"line":10,"column":0},"end":{"line":10,"column":27}},"10":{"start":{"line":11,"column":0},"end":{"line":11,"column":60}},"11":{"start":{"line":12,"column":0},"end":{"line":12,"column":43}},"12":{"start":{"line":13,"column":0},"end":{"line":13,"column":45}},"13":{"start":{"line":14,"column":0},"end":{"line":14,"column":50}},"14":{"start":{"line":15,"column":0},"end":{"line":15,"column":51}},"16":{"start":{"line":17,"column":0},"end":{"line":17,"column":10}},"18":{"start":{"line":19,"column":0},"end":{"line":19,"column":24}},"20":{"start":{"line":21,"column":0},"end":{"line":21,"column":21}},"21":{"start":{"line":22,"column":0},"end":{"line":22,"column":42}},"22":{"start":{"line":23,"column":0},"end":{"line":23,"column":17}},"23":{"start":{"line":24,"column":0},"end":{"line":24,"column":49}},"24":{"start":{"line":25,"column":0},"end":{"line":25,"column":67}},"25":{"start":{"line":26,"column":0},"end":{"line":26,"column":21}},"26":{"start":{"line":27,"column":0},"end":{"line":27,"column":33}},"27":{"start":{"line":28,"column":0},"end":{"line":28,"column":70}},"28":{"start":{"line":29,"column":0},"end":{"line":29,"column":26}},"29":{"start":{"line":30,"column":0},"end":{"line":30,"column":21}},"30":{"start":{"line":31,"column":0},"end":{"line":31,"column":18}},"31":{"start":{"line":32,"column":0},"end":{"line":32,"column":45}},"32":{"start":{"line":33,"column":0},"end":{"line":33,"column":29}},"33":{"start":{"line":34,"column":0},"end":{"line":34,"column":63}},"34":{"start":{"line":35,"column":0},"end":{"line":35,"column":13}},"35":{"start":{"line":36,"column":0},"end":{"line":36,"column":10}},"36":{"start":{"line":37,"column":0},"end":{"line":37,"column":39}},"37":{"start":{"line":38,"column":0},"end":{"line":38,"column":27}},"38":{"start":{"line":39,"column":0},"end":{"line":39,"column":9}},"39":{"start":{"line":40,"column":0},"end":{"line":40,"column":11}},"41":{"start":{"line":42,"column":0},"end":{"line":42,"column":33}},"42":{"start":{"line":43,"column":0},"end":{"line":43,"column":25}},"43":{"start":{"line":44,"column":0},"end":{"line":44,"column":48}},"44":{"start":{"line":45,"column":0},"end":{"line":45,"column":30}},"45":{"start":{"line":46,"column":0},"end":{"line":46,"column":41}},"46":{"start":{"line":47,"column":0},"end":{"line":47,"column":46}},"47":{"start":{"line":48,"column":0},"end":{"line":48,"column":6}},"49":{"start":{"line":50,"column":0},"end":{"line":50,"column":31}},"50":{"start":{"line":51,"column":0},"end":{"line":51,"column":24}},"51":{"start":{"line":52,"column":0},"end":{"line":52,"column":6}},"53":{"start":{"line":54,"column":0},"end":{"line":54,"column":31}},"54":{"start":{"line":55,"column":0},"end":{"line":55,"column":21}},"55":{"start":{"line":56,"column":0},"end":{"line":56,"column":22}},"56":{"start":{"line":57,"column":0},"end":{"line":57,"column":24}},"57":{"start":{"line":58,"column":0},"end":{"line":58,"column":6}},"59":{"start":{"line":60,"column":0},"end":{"line":60,"column":62}},"61":{"start":{"line":62,"column":0},"end":{"line":62,"column":21}},"62":{"start":{"line":63,"column":0},"end":{"line":63,"column":37}},"63":{"start":{"line":64,"column":0},"end":{"line":64,"column":11}},"65":{"start":{"line":66,"column":0},"end":{"line":66,"column":43}},"66":{"start":{"line":67,"column":0},"end":{"line":67,"column":33}},"67":{"start":{"line":68,"column":0},"end":{"line":68,"column":37}},"68":{"start":{"line":69,"column":0},"end":{"line":69,"column":6}},"70":{"start":{"line":71,"column":0},"end":{"line":71,"column":49}},"71":{"start":{"line":72,"column":0},"end":{"line":72,"column":12}},"72":{"start":{"line":73,"column":0},"end":{"line":73,"column":78}},"73":{"start":{"line":74,"column":0},"end":{"line":74,"column":11}},"74":{"start":{"line":75,"column":0},"end":{"line":75,"column":20}},"75":{"start":{"line":76,"column":0},"end":{"line":76,"column":56}},"76":{"start":{"line":77,"column":0},"end":{"line":77,"column":33}},"77":{"start":{"line":78,"column":0},"end":{"line":78,"column":14}},"78":{"start":{"line":79,"column":0},"end":{"line":79,"column":9}},"79":{"start":{"line":80,"column":0},"end":{"line":80,"column":16}},"80":{"start":{"line":81,"column":0},"end":{"line":81,"column":36}},"81":{"start":{"line":82,"column":0},"end":{"line":82,"column":30}},"82":{"start":{"line":83,"column":0},"end":{"line":83,"column":10}},"83":{"start":{"line":84,"column":0},"end":{"line":84,"column":6}},"85":{"start":{"line":86,"column":0},"end":{"line":86,"column":12}},"86":{"start":{"line":87,"column":0},"end":{"line":87,"column":29}},"87":{"start":{"line":88,"column":0},"end":{"line":88,"column":99}},"88":{"start":{"line":89,"column":0},"end":{"line":89,"column":22}},"89":{"start":{"line":90,"column":0},"end":{"line":90,"column":31}},"90":{"start":{"line":91,"column":0},"end":{"line":91,"column":41}},"91":{"start":{"line":92,"column":0},"end":{"line":92,"column":33}},"92":{"start":{"line":93,"column":0},"end":{"line":93,"column":62}},"93":{"start":{"line":94,"column":0},"end":{"line":94,"column":50}},"94":{"start":{"line":95,"column":0},"end":{"line":95,"column":18}},"96":{"start":{"line":97,"column":0},"end":{"line":97,"column":23}},"97":{"start":{"line":98,"column":0},"end":{"line":98,"column":34}},"98":{"start":{"line":99,"column":0},"end":{"line":99,"column":63}},"99":{"start":{"line":100,"column":0},"end":{"line":100,"column":50}},"101":{"start":{"line":102,"column":0},"end":{"line":102,"column":60}},"103":{"start":{"line":104,"column":0},"end":{"line":104,"column":29}},"104":{"start":{"line":105,"column":0},"end":{"line":105,"column":45}},"105":{"start":{"line":106,"column":0},"end":{"line":106,"column":79}},"106":{"start":{"line":107,"column":0},"end":{"line":107,"column":36}},"107":{"start":{"line":108,"column":0},"end":{"line":108,"column":33}},"108":{"start":{"line":109,"column":0},"end":{"line":109,"column":23}},"109":{"start":{"line":110,"column":0},"end":{"line":110,"column":25}},"111":{"start":{"line":112,"column":0},"end":{"line":112,"column":23}},"112":{"start":{"line":113,"column":0},"end":{"line":113,"column":41}},"113":{"start":{"line":114,"column":0},"end":{"line":114,"column":81}},"114":{"start":{"line":115,"column":0},"end":{"line":115,"column":17}},"115":{"start":{"line":116,"column":0},"end":{"line":116,"column":74}},"116":{"start":{"line":117,"column":0},"end":{"line":117,"column":25}},"117":{"start":{"line":118,"column":0},"end":{"line":118,"column":23}},"118":{"start":{"line":119,"column":0},"end":{"line":119,"column":41}},"119":{"start":{"line":120,"column":0},"end":{"line":120,"column":80}},"120":{"start":{"line":121,"column":0},"end":{"line":121,"column":17}},"122":{"start":{"line":123,"column":0},"end":{"line":123,"column":25}},"123":{"start":{"line":124,"column":0},"end":{"line":124,"column":18}},"124":{"start":{"line":125,"column":0},"end":{"line":125,"column":39}},"125":{"start":{"line":126,"column":0},"end":{"line":126,"column":83}},"127":{"start":{"line":128,"column":0},"end":{"line":128,"column":22}},"129":{"start":{"line":130,"column":0},"end":{"line":130,"column":82}},"130":{"start":{"line":131,"column":0},"end":{"line":131,"column":24}},"131":{"start":{"line":132,"column":0},"end":{"line":132,"column":30}},"132":{"start":{"line":133,"column":0},"end":{"line":133,"column":34}},"133":{"start":{"line":134,"column":0},"end":{"line":134,"column":70}},"134":{"start":{"line":135,"column":0},"end":{"line":135,"column":54}},"135":{"start":{"line":136,"column":0},"end":{"line":136,"column":35}},"136":{"start":{"line":137,"column":0},"end":{"line":137,"column":39}},"137":{"start":{"line":138,"column":0},"end":{"line":138,"column":47}},"138":{"start":{"line":139,"column":0},"end":{"line":139,"column":57}},"139":{"start":{"line":140,"column":0},"end":{"line":140,"column":28}},"140":{"start":{"line":141,"column":0},"end":{"line":141,"column":25}},"141":{"start":{"line":142,"column":0},"end":{"line":142,"column":18}},"142":{"start":{"line":143,"column":0},"end":{"line":143,"column":14}},"144":{"start":{"line":145,"column":0},"end":{"line":145,"column":2}},"146":{"start":{"line":147,"column":0},"end":{"line":147,"column":27}}},"s":{"0":0,"2":0,"3":0,"4":0,"5":0,"6":0,"7":0,"9":0,"10":0,"11":0,"12":0,"13":0,"14":0,"16":0,"18":0,"20":0,"21":0,"22":0,"23":0,"24":0,"25":0,"26":0,"27":0,"28":0,"29":0,"30":0,"31":0,"32":0,"33":0,"34":0,"35":0,"36":0,"37":0,"38":0,"39":0,"41":0,"42":0,"43":0,"44":0,"45":0,"46":0,"47":0,"49":0,"50":0,"51":0,"53":0,"54":0,"55":0,"56":0,"57":0,"59":0,"61":0,"62":0,"63":0,"65":0,"66":0,"67":0,"68":0,"70":0,"71":0,"72":0,"73":0,"74":0,"75":0,"76":0,"77":0,"78":0,"79":0,"80":0,"81":0,"82":0,"83":0,"85":0,"86":0,"87":0,"88":0,"89":0,"90":0,"91":0,"92":0,"93":0,"94":0,"96":0,"97":0,"98":0,"99":0,"101":0,"103":0,"104":0,"105":0,"106":0,"107":0,"108":0,"109":0,"111":0,"112":0,"113":0,"114":0,"115":0,"116":0,"117":0,"118":0,"119":0,"120":0,"122":0,"123":0,"124":0,"125":0,"127":0,"129":0,"130":0,"131":0,"132":0,"133":0,"134":0,"135":0,"136":0,"137":0,"138":0,"139":0,"140":0,"141":0,"142":0,"144":0,"146":0},"branchMap":{"0":{"type":"branch","line":1,"loc":{"start":{"line":1,"column":2737},"end":{"line":147,"column":-1344}},"locations":[{"start":{"line":1,"column":2737},"end":{"line":147,"column":-1344}}]}},"b":{"0":[0]},"fnMap":{"0":{"name":"(empty-report)","decl":{"start":{"line":1,"column":2737},"end":{"line":147,"column":-1344}},"loc":{"start":{"line":1,"column":2737},"end":{"line":147,"column":-1344}},"line":1}},"f":{"0":0}}
,"D:\\OpenServer\\domains\\musk\\7-final\\1\\musk-frontend-final-1\\src\\services\\config.ts": {"path":"D:\\OpenServer\\domains\\musk\\7-final\\1\\musk-frontend-final-1\\src\\services\\config.ts","all":false,"statementMap":{"0":{"start":{"line":1,"column":0},"end":{"line":1,"column":65}}},"s":{"0":1},"branchMap":{"0":{"type":"branch","line":1,"loc":{"start":{"line":1,"column":25},"end":{"line":1,"column":65}},"locations":[{"start":{"line":1,"column":25},"end":{"line":1,"column":65}}]}},"b":{"0":[2]},"fnMap":{"0":{"name":"getApiKey","decl":{"start":{"line":1,"column":25},"end":{"line":1,"column":65}},"loc":{"start":{"line":1,"column":25},"end":{"line":1,"column":65}},"line":1}},"f":{"0":2}}
,"D:\\OpenServer\\domains\\musk\\7-final\\1\\musk-frontend-final-1\\src\\services\\newsApi.ts": {"path":"D:\\OpenServer\\domains\\musk\\7-final\\1\\musk-frontend-final-1\\src\\services\\newsApi.ts","all":false,"statementMap":{"0":{"start":{"line":1,"column":0},"end":{"line":1,"column":26}},"2":{"start":{"line":3,"column":0},"end":{"line":3,"column":37}},"4":{"start":{"line":5,"column":0},"end":{"line":5,"column":28}},"5":{"start":{"line":6,"column":0},"end":{"line":6,"column":42}},"14":{"start":{"line":15,"column":0},"end":{"line":15,"column":38}},"15":{"start":{"line":16,"column":0},"end":{"line":16,"column":33}},"16":{"start":{"line":17,"column":0},"end":{"line":17,"column":19}},"17":{"start":{"line":18,"column":0},"end":{"line":18,"column":23}},"18":{"start":{"line":19,"column":0},"end":{"line":19,"column":26}},"19":{"start":{"line":20,"column":0},"end":{"line":20,"column":19}},"20":{"start":{"line":21,"column":0},"end":{"line":21,"column":53}},"21":{"start":{"line":22,"column":0},"end":{"line":22,"column":5}},"23":{"start":{"line":24,"column":0},"end":{"line":24,"column":20}},"24":{"start":{"line":25,"column":0},"end":{"line":25,"column":24}},"25":{"start":{"line":26,"column":0},"end":{"line":26,"column":53}},"26":{"start":{"line":27,"column":0},"end":{"line":27,"column":10}},"27":{"start":{"line":28,"column":0},"end":{"line":28,"column":24}},"28":{"start":{"line":29,"column":0},"end":{"line":29,"column":6}},"30":{"start":{"line":31,"column":0},"end":{"line":31,"column":9}},"31":{"start":{"line":32,"column":0},"end":{"line":32,"column":71}},"32":{"start":{"line":33,"column":0},"end":{"line":33,"column":19}},"33":{"start":{"line":34,"column":0},"end":{"line":34,"column":11}},"34":{"start":{"line":35,"column":0},"end":{"line":35,"column":44}},"36":{"start":{"line":37,"column":0},"end":{"line":37,"column":30}},"37":{"start":{"line":38,"column":0},"end":{"line":38,"column":24}},"38":{"start":{"line":39,"column":0},"end":{"line":39,"column":80}},"39":{"start":{"line":40,"column":0},"end":{"line":40,"column":10}},"40":{"start":{"line":41,"column":0},"end":{"line":41,"column":5}},"41":{"start":{"line":42,"column":0},"end":{"line":42,"column":2}}},"s":{"0":1,"2":1,"4":1,"5":1,"14":1,"15":11,"16":11,"17":11,"18":11,"19":11,"20":1,"21":1,"23":10,"24":10,"25":11,"26":11,"27":11,"28":11,"30":11,"31":11,"32":11,"33":11,"34":11,"36":11,"37":7,"38":7,"39":7,"40":7,"41":11},"branchMap":{"0":{"type":"branch","line":15,"loc":{"start":{"line":15,"column":31},"end":{"line":42,"column":2}},"locations":[{"start":{"line":15,"column":31},"end":{"line":42,"column":2}}]},"1":{"type":"branch","line":20,"loc":{"start":{"line":20,"column":18},"end":{"line":22,"column":5}},"locations":[{"start":{"line":20,"column":18},"end":{"line":22,"column":5}}]},"2":{"type":"branch","line":22,"loc":{"start":{"line":22,"column":4},"end":{"line":26,"column":39}},"locations":[{"start":{"line":22,"column":4},"end":{"line":26,"column":39}}]},"3":{"type":"branch","line":26,"loc":{"start":{"line":26,"column":31},"end":{"line":26,"column":44}},"locations":[{"start":{"line":26,"column":31},"end":{"line":26,"column":44}}]},"4":{"type":"branch","line":26,"loc":{"start":{"line":26,"column":39},"end":{"line":26,"column":53}},"locations":[{"start":{"line":26,"column":39},"end":{"line":26,"column":53}}]},"5":{"type":"branch","line":34,"loc":{"start":{"line":34,"column":9},"end":{"line":35,"column":41}},"locations":[{"start":{"line":34,"column":9},"end":{"line":35,"column":41}}]},"6":{"type":"branch","line":35,"loc":{"start":{"line":35,"column":29},"end":{"line":35,"column":44}},"locations":[{"start":{"line":35,"column":29},"end":{"line":35,"column":44}}]},"7":{"type":"branch","line":37,"loc":{"start":{"line":37,"column":4},"end":{"line":41,"column":5}},"locations":[{"start":{"line":37,"column":4},"end":{"line":41,"column":5}}]}},"b":{"0":[11],"1":[1],"2":[10],"3":[0],"4":[10],"5":[4],"6":[1],"7":[7]},"fnMap":{"0":{"name":"getTopHeadlines","decl":{"start":{"line":15,"column":31},"end":{"line":42,"column":2}},"loc":{"start":{"line":15,"column":31},"end":{"line":42,"column":2}},"line":15}},"f":{"0":11}}
,"D:\\OpenServer\\domains\\musk\\7-final\\1\\musk-frontend-final-1\\src\\types\\news.ts": {"path":"D:\\OpenServer\\domains\\musk\\7-final\\1\\musk-frontend-final-1\\src\\types\\news.ts","all":true,"statementMap":{},"s":{},"branchMap":{"0":{"type":"branch","line":1,"loc":{"start":{"line":1,"column":275},"end":{"line":13,"column":1}},"locations":[{"start":{"line":1,"column":275},"end":{"line":13,"column":1}}]}},"b":{"0":[1]},"fnMap":{"0":{"name":"(empty-report)","decl":{"start":{"line":1,"column":275},"end":{"line":13,"column":1}},"loc":{"start":{"line":1,"column":275},"end":{"line":13,"column":1}},"line":1}},"f":{"0":1}}
,"D:\\OpenServer\\domains\\musk\\7-final\\1\\musk-frontend-final-1\\src\\utils\\helpers.ts": {"path":"D:\\OpenServer\\domains\\musk\\7-final\\1\\musk-frontend-final-1\\src\\utils\\helpers.ts","all":false,"statementMap":{"0":{"start":{"line":1,"column":0},"end":{"line":1,"column":52}},"1":{"start":{"line":2,"column":0},"end":{"line":2,"column":61}},"2":{"start":{"line":3,"column":0},"end":{"line":3,"column":2}}},"s":{"0":1,"1":1,"2":1},"branchMap":{"0":{"type":"branch","line":1,"loc":{"start":{"line":1,"column":20},"end":{"line":3,"column":2}},"locations":[{"start":{"line":1,"column":20},"end":{"line":3,"column":2}}]},"1":{"type":"branch","line":2,"loc":{"start":{"line":2,"column":23},"end":{"line":2,"column":59}},"locations":[{"start":{"line":2,"column":23},"end":{"line":2,"column":59}}]}},"b":{"0":[1],"1":[1]},"fnMap":{"0":{"name":"wait","decl":{"start":{"line":1,"column":20},"end":{"line":3,"column":2}},"loc":{"start":{"line":1,"column":20},"end":{"line":3,"column":2}},"line":1}},"f":{"0":1}}
,"D:\\OpenServer\\domains\\musk\\7-final\\1\\musk-frontend-final-1\\src\\utils\\localStorage.ts": {"path":"D:\\OpenServer\\domains\\musk\\7-final\\1\\musk-frontend-final-1\\src\\utils\\localStorage.ts","all":false,"statementMap":{"2":{"start":{"line":3,"column":0},"end":{"line":3,"column":34}},"7":{"start":{"line":8,"column":0},"end":{"line":8,"column":48}},"8":{"start":{"line":9,"column":0},"end":{"line":9,"column":9}},"9":{"start":{"line":10,"column":0},"end":{"line":10,"column":35}},"10":{"start":{"line":11,"column":0},"end":{"line":11,"column":47}},"11":{"start":{"line":12,"column":0},"end":{"line":12,"column":41}},"12":{"start":{"line":13,"column":0},"end":{"line":13,"column":20}},"14":{"start":{"line":15,"column":0},"end":{"line":15,"column":17}},"15":{"start":{"line":16,"column":0},"end":{"line":16,"column":21}},"16":{"start":{"line":17,"column":0},"end":{"line":17,"column":5}},"17":{"start":{"line":18,"column":0},"end":{"line":18,"column":2}},"22":{"start":{"line":23,"column":0},"end":{"line":23,"column":54}},"23":{"start":{"line":24,"column":0},"end":{"line":24,"column":97}},"25":{"start":{"line":26,"column":0},"end":{"line":26,"column":35}},"26":{"start":{"line":27,"column":0},"end":{"line":27,"column":42}},"27":{"start":{"line":28,"column":0},"end":{"line":28,"column":65}},"28":{"start":{"line":29,"column":0},"end":{"line":29,"column":2}},"33":{"start":{"line":34,"column":0},"end":{"line":34,"column":46}},"34":{"start":{"line":35,"column":0},"end":{"line":35,"column":100}},"36":{"start":{"line":37,"column":0},"end":{"line":37,"column":55}},"37":{"start":{"line":38,"column":0},"end":{"line":38,"column":9}},"38":{"start":{"line":39,"column":0},"end":{"line":39,"column":48}},"40":{"start":{"line":41,"column":0},"end":{"line":41,"column":17}},"41":{"start":{"line":42,"column":0},"end":{"line":42,"column":65}},"42":{"start":{"line":43,"column":0},"end":{"line":43,"column":77}},"43":{"start":{"line":44,"column":0},"end":{"line":44,"column":5}},"44":{"start":{"line":45,"column":0},"end":{"line":45,"column":2}},"49":{"start":{"line":50,"column":0},"end":{"line":50,"column":53}},"50":{"start":{"line":51,"column":0},"end":{"line":51,"column":97}},"52":{"start":{"line":53,"column":0},"end":{"line":53,"column":64}},"53":{"start":{"line":54,"column":0},"end":{"line":54,"column":65}},"54":{"start":{"line":55,"column":0},"end":{"line":55,"column":2}}},"s":{"2":1,"7":1,"8":13,"9":13,"10":13,"11":13,"12":13,"14":13,"15":1,"16":1,"17":13,"22":1,"23":4,"25":3,"26":3,"27":3,"28":3,"33":1,"34":8,"36":8,"37":8,"38":8,"40":8,"41":1,"42":1,"43":1,"44":8,"49":1,"50":1,"52":1,"53":1,"54":1},"branchMap":{"0":{"type":"branch","line":8,"loc":{"start":{"line":8,"column":32},"end":{"line":18,"column":2}},"locations":[{"start":{"line":8,"column":32},"end":{"line":18,"column":2}}]},"1":{"type":"branch","line":15,"loc":{"start":{"line":15,"column":4},"end":{"line":17,"column":5}},"locations":[{"start":{"line":15,"column":4},"end":{"line":17,"column":5}}]},"2":{"type":"branch","line":23,"loc":{"start":{"line":23,"column":31},"end":{"line":29,"column":2}},"locations":[{"start":{"line":23,"column":31},"end":{"line":29,"column":2}}]},"3":{"type":"branch","line":24,"loc":{"start":{"line":24,"column":36},"end":{"line":24,"column":97}},"locations":[{"start":{"line":24,"column":36},"end":{"line":24,"column":97}}]},"4":{"type":"branch","line":24,"loc":{"start":{"line":24,"column":36},"end":{"line":29,"column":2}},"locations":[{"start":{"line":24,"column":36},"end":{"line":29,"column":2}}]},"5":{"type":"branch","line":34,"loc":{"start":{"line":34,"column":28},"end":{"line":45,"column":2}},"locations":[{"start":{"line":34,"column":28},"end":{"line":45,"column":2}}]},"6":{"type":"branch","line":35,"loc":{"start":{"line":35,"column":36},"end":{"line":35,"column":100}},"locations":[{"start":{"line":35,"column":36},"end":{"line":35,"column":100}}]},"7":{"type":"branch","line":39,"loc":{"start":{"line":39,"column":15},"end":{"line":39,"column":45}},"locations":[{"start":{"line":39,"column":15},"end":{"line":39,"column":45}}]},"8":{"type":"branch","line":39,"loc":{"start":{"line":39,"column":41},"end":{"line":39,"column":48}},"locations":[{"start":{"line":39,"column":41},"end":{"line":39,"column":48}}]},"9":{"type":"branch","line":41,"loc":{"start":{"line":41,"column":4},"end":{"line":44,"column":5}},"locations":[{"start":{"line":41,"column":4},"end":{"line":44,"column":5}}]},"10":{"type":"branch","line":50,"loc":{"start":{"line":50,"column":35},"end":{"line":55,"column":2}},"locations":[{"start":{"line":50,"column":35},"end":{"line":55,"column":2}}]},"11":{"type":"branch","line":51,"loc":{"start":{"line":51,"column":36},"end":{"line":51,"column":97}},"locations":[{"start":{"line":51,"column":36},"end":{"line":51,"column":97}}]},"12":{"type":"branch","line":53,"loc":{"start":{"line":53,"column":42},"end":{"line":53,"column":62}},"locations":[{"start":{"line":53,"column":42},"end":{"line":53,"column":62}}]}},"b":{"0":[13],"1":[1],"2":[4],"3":[1],"4":[3],"5":[8],"6":[0],"7":[5],"8":[3],"9":[1],"10":[1],"11":[0],"12":[2]},"fnMap":{"0":{"name":"isLocalStorageAvailable","decl":{"start":{"line":8,"column":32},"end":{"line":18,"column":2}},"loc":{"start":{"line":8,"column":32},"end":{"line":18,"column":2}},"line":8},"1":{"name":"saveToFavorites","decl":{"start":{"line":23,"column":31},"end":{"line":29,"column":2}},"loc":{"start":{"line":23,"column":31},"end":{"line":29,"column":2}},"line":23},"2":{"name":"getFavorites","decl":{"start":{"line":34,"column":28},"end":{"line":45,"column":2}},"loc":{"start":{"line":34,"column":28},"end":{"line":45,"column":2}},"line":34},"3":{"name":"removeFromFavorites","decl":{"start":{"line":50,"column":35},"end":{"line":55,"column":2}},"loc":{"start":{"line":50,"column":35},"end":{"line":55,"column":2}},"line":50}},"f":{"0":13,"1":4,"2":8,"3":1}}
}
